Using pre-set license
Built from '2020.3/staging' branch; Version is '2020.3.4f1 (0abb6314276a) revision 703331'; Using compiler version '192528614'; Build Type 'Release'
OS: 'Windows 10 Home; OS build 18362.418; Version 1903; 64bit' Language: 'en' Physical Memory: 16196 MB
BatchMode: 1, IsHumanControllingUs: 0, StartBugReporterOnCrash: 0, Is64bit: 1, IsPro: 0

 COMMAND LINE ARGUMENTS:
C:\Unity\2020.3.4f1\Editor\Unity.exe
-adb2
-batchMode
-noUpm
-name
AssetImportWorker0
-projectPath
D:/Unity projekti/AR GPS RiTeh Tin
-logFile
Logs/AssetImportWorker0.log
-srvPort
59039
Successfully changed project path to: D:/Unity projekti/AR GPS RiTeh Tin
D:/Unity projekti/AR GPS RiTeh Tin
Using Asset Import Pipeline V2.
Refreshing native plugins compatible for Editor in 95.15 ms, found 8 plugins.
Preloading 1 native plugins for Editor in 1.49 ms.
Initialize engine version: 2020.3.4f1 (0abb6314276a)
[Subsystems] Discovering subsystems at path C:/Unity/2020.3.4f1/Editor/Data/Resources/UnitySubsystems
[Subsystems] Discovering subsystems at path D:/Unity projekti/AR GPS RiTeh Tin/Assets
GfxDevice: creating device client; threaded=0
Direct3D:
    Version:  Direct3D 11.0 [level 11.1]
    Renderer: NVIDIA GeForce GTX 1660 Ti (ID=0x2191)
    Vendor:   
    VRAM:     5991 MB
    Driver:   26.21.14.3153
Initialize mono
Mono path[0] = 'C:/Unity/2020.3.4f1/Editor/Data/Managed'
Mono path[1] = 'C:/Unity/2020.3.4f1/Editor/Data/MonoBleedingEdge/lib/mono/unityjit'
Mono config path = 'C:/Unity/2020.3.4f1/Editor/Data/MonoBleedingEdge/etc'
Using monoOptions --debugger-agent=transport=dt_socket,embedding=1,server=y,suspend=n,address=127.0.0.1:56352
Begin MonoManager ReloadAssembly
Registering precompiled unity dll's ...
Register platform support module: C:/Unity/2020.3.4f1/Editor/Data/PlaybackEngines/WebGLSupport/UnityEditor.WebGL.Extensions.dll
Register platform support module: C:/Unity/2020.3.4f1/Editor/Data/PlaybackEngines/WindowsStandaloneSupport/UnityEditor.WindowsStandalone.Extensions.dll
Registered in 0.005593 seconds.
Native extension for WindowsStandalone target not found
Native extension for WebGL target not found
Refreshing native plugins compatible for Editor in 75.71 ms, found 8 plugins.
Preloading 1 native plugins for Editor in 0.13 ms.
Mono: successfully reloaded assembly
- Completed reload, in  4.697 seconds
Platform modules already initialized, skipping
Registering precompiled user dll's ...
Registered in 0.007603 seconds.
Begin MonoManager ReloadAssembly
Native extension for WindowsStandalone target not found
Native extension for WebGL target not found
Refreshing native plugins compatible for Editor in 77.93 ms, found 8 plugins.
Preloading 1 native plugins for Editor in 0.13 ms.
[ARLocation]: Starting up!
UnityEngine.StackTraceUtility:ExtractStackTrace ()
UnityEngine.DebugLogHandler:LogFormat (UnityEngine.LogType,UnityEngine.Object,string,object[])
UnityEngine.Logger:Log (UnityEngine.LogType,object)
UnityEngine.Debug:Log (object)
ARLocationEditorConfigManager:.cctor () (at Assets/ARLocation/Editor/ARLocationEditorConfigManager.cs:13)
System.Runtime.CompilerServices.RuntimeHelpers:RunClassConstructor (System.RuntimeTypeHandle)
UnityEditor.EditorAssemblies:ProcessInitializeOnLoadAttributes (System.Type[])

(Filename: Assets/ARLocation/Editor/ARLocationEditorConfigManager.cs Line: 13)

[ARLocation]: Resource folder already exists!
UnityEngine.StackTraceUtility:ExtractStackTrace ()
UnityEngine.DebugLogHandler:LogFormat (UnityEngine.LogType,UnityEngine.Object,string,object[])
UnityEngine.Logger:Log (UnityEngine.LogType,object)
UnityEngine.Debug:Log (object)
ARLocationEditorConfigManager:.cctor () (at Assets/ARLocation/Editor/ARLocationEditorConfigManager.cs:17)
System.Runtime.CompilerServices.RuntimeHelpers:RunClassConstructor (System.RuntimeTypeHandle)
UnityEditor.EditorAssemblies:ProcessInitializeOnLoadAttributes (System.Type[])

(Filename: Assets/ARLocation/Editor/ARLocationEditorConfigManager.cs Line: 17)

[ARLocation]: Config already exists!
UnityEngine.StackTraceUtility:ExtractStackTrace ()
UnityEngine.DebugLogHandler:LogFormat (UnityEngine.LogType,UnityEngine.Object,string,object[])
UnityEngine.Logger:Log (UnityEngine.LogType,object)
UnityEngine.Debug:Log (object)
ARLocationEditorConfigManager:.cctor () (at Assets/ARLocation/Editor/ARLocationEditorConfigManager.cs:29)
System.Runtime.CompilerServices.RuntimeHelpers:RunClassConstructor (System.RuntimeTypeHandle)
UnityEditor.EditorAssemblies:ProcessInitializeOnLoadAttributes (System.Type[])

(Filename: Assets/ARLocation/Editor/ARLocationEditorConfigManager.cs Line: 29)

Mono: successfully reloaded assembly
- Completed reload, in  1.802 seconds
Platform modules already initialized, skipping
========================================================================
Worker process is ready to serve import requests
Launched and connected shader compiler UnityShaderCompiler.exe after 0.07 seconds
Refreshing native plugins compatible for Editor in 1.39 ms, found 8 plugins.
Preloading 1 native plugins for Editor in 0.11 ms.
Unloading 1963 Unused Serialized files (Serialized files now loaded: 0)
System memory in use before: 85.4 MB.
System memory in use after: 85.4 MB.

Unloading 23 unused Assets to reduce memory usage. Loaded Objects now: 2396.
Total: 4.320800 ms (FindLiveObjects: 0.470300 ms CreateObjectMapping: 0.245600 ms MarkObjects: 3.399900 ms  DeleteObjects: 0.203200 ms)

========================================================================
Received Import Request.
  path: Assets/CustomeRoutes/Riteh.kml
  artifactKey: Guid(c205dafb2db891f4cb07e95844d041e2) Importer(815301076,1909f56bfc062723c751e8b465ee728b)
Start importing Assets/CustomeRoutes/Riteh.kml using Guid(c205dafb2db891f4cb07e95844d041e2) Importer(815301076,1909f56bfc062723c751e8b465ee728b)  -> (artifact id: '37d9ce98629425fb998204d8a96d6630') in 0.048751 seconds
  Import took 0.055301 seconds .

========================================================================
Received Import Request.
  Time since last request: 0.000429 seconds.
  path: Assets/CustomeRoutes/Riteh(0).asset
  artifactKey: Guid(36d83c7f35aca4b439f7907324dde6a3) Importer(815301076,1909f56bfc062723c751e8b465ee728b)
Start importing Assets/CustomeRoutes/Riteh(0).asset using Guid(36d83c7f35aca4b439f7907324dde6a3) Importer(815301076,1909f56bfc062723c751e8b465ee728b)  -> (artifact id: '5931c0d9fda8de20ce36f4e2a694fd45') in 0.010202 seconds
  Import took 0.016263 seconds .

========================================================================
Received Import Request.
  Time since last request: 184.099953 seconds.
  path: Assets/CustomeRoutes/Riteh(1).asset
  artifactKey: Guid(cc775fea9469fe7419b303eb2cd3f95c) Importer(815301076,1909f56bfc062723c751e8b465ee728b)
Start importing Assets/CustomeRoutes/Riteh(1).asset using Guid(cc775fea9469fe7419b303eb2cd3f95c) Importer(815301076,1909f56bfc062723c751e8b465ee728b)  -> (artifact id: 'da0795a96505bcdc258de2dadd881d5f') in 0.006358 seconds
  Import took 0.013782 seconds .

========================================================================
Received Import Request.
  Time since last request: 0.002327 seconds.
  path: Assets/CustomeRoutes/Riteh(1).asset
  artifactKey: Guid(cc775fea9469fe7419b303eb2cd3f95c) Importer(815301076,1909f56bfc062723c751e8b465ee728b)
Start importing Assets/CustomeRoutes/Riteh(1).asset using Guid(cc775fea9469fe7419b303eb2cd3f95c) Importer(815301076,1909f56bfc062723c751e8b465ee728b)  -> (artifact id: 'da0795a96505bcdc258de2dadd881d5f') in 0.005588 seconds
  Import took 0.013199 seconds .

========================================================================
Received Import Request.
  Time since last request: 271.310282 seconds.
  path: Assets/CustomeRoutes/RutaZaPromjenuPrekoBaze.asset
  artifactKey: Guid(bec6d4c23c3ee6f4e82a2e7c04c04540) Importer(815301076,1909f56bfc062723c751e8b465ee728b)
Start importing Assets/CustomeRoutes/RutaZaPromjenuPrekoBaze.asset using Guid(bec6d4c23c3ee6f4e82a2e7c04c04540) Importer(815301076,1909f56bfc062723c751e8b465ee728b)  -> (artifact id: 'f34f5895d976c669f11cd03ac511f950') in 0.004746 seconds
  Import took 0.012478 seconds .

========================================================================
Received Import Request.
  Time since last request: 150.701569 seconds.
  path: Assets/Scripts/SQLite.cs
  artifactKey: Guid(95da23b0457cab342926083fe9e4fa60) Importer(815301076,1909f56bfc062723c751e8b465ee728b)
Start importing Assets/Scripts/SQLite.cs using Guid(95da23b0457cab342926083fe9e4fa60) Importer(815301076,1909f56bfc062723c751e8b465ee728b)  -> (artifact id: 'cdb2493bc5a0505b04f2e5d79ba46d6f') in 0.008637 seconds
  Import took 0.015312 seconds .

========================================================================
Received Import Request.
  Time since last request: 0.004674 seconds.
  path: Assets/Scripts/SQLite.cs
  artifactKey: Guid(95da23b0457cab342926083fe9e4fa60) Importer(815301076,1909f56bfc062723c751e8b465ee728b)
Start importing Assets/Scripts/SQLite.cs using Guid(95da23b0457cab342926083fe9e4fa60) Importer(815301076,1909f56bfc062723c751e8b465ee728b)  -> (artifact id: 'cdb2493bc5a0505b04f2e5d79ba46d6f') in 0.003137 seconds
  Import took 0.009681 seconds .

========================================================================
Received Import Request.
  Time since last request: 560.534719 seconds.
  path: Assets/Scenes/Route tests/Route test Ravnice 2.unity
  artifactKey: Guid(a1a1e8c1ab4704c4d94d58a856df6480) Importer(815301076,1909f56bfc062723c751e8b465ee728b)
Start importing Assets/Scenes/Route tests/Route test Ravnice 2.unity using Guid(a1a1e8c1ab4704c4d94d58a856df6480) Importer(815301076,1909f56bfc062723c751e8b465ee728b)  -> (artifact id: '628eb157d6cdcbf57ac49e44958c1061') in 0.005192 seconds
  Import took 0.012461 seconds .

========================================================================
Received Import Request.
  Time since last request: 3.766922 seconds.
  path: Assets/Scenes/Route tests/Route test Ravnice 3.unity
  artifactKey: Guid(9f5fc811835e0b84384610c00991861f) Importer(815301076,1909f56bfc062723c751e8b465ee728b)
Start importing Assets/Scenes/Route tests/Route test Ravnice 3.unity using Guid(9f5fc811835e0b84384610c00991861f) Importer(815301076,1909f56bfc062723c751e8b465ee728b)  -> (artifact id: 'efebf07848ea795561067c68af7e6c95') in 0.004081 seconds
  Import took 0.011937 seconds .

========================================================================
Received Import Request.
  Time since last request: 1.151726 seconds.
  path: Assets/Scenes/Route tests/Route test Ravnice 4.unity
  artifactKey: Guid(7c37427a44fc2984dbfd8cdab96d6b4c) Importer(815301076,1909f56bfc062723c751e8b465ee728b)
Start importing Assets/Scenes/Route tests/Route test Ravnice 4.unity using Guid(7c37427a44fc2984dbfd8cdab96d6b4c) Importer(815301076,1909f56bfc062723c751e8b465ee728b)  -> (artifact id: '9a4f206efd27e9f2958177b41febafbd') in 0.005038 seconds
  Import took 0.012105 seconds .

========================================================================
Received Import Request.
  Time since last request: 0.001398 seconds.
  path: Assets/Scenes/Route tests/Route test Ravnice 4.unity
  artifactKey: Guid(7c37427a44fc2984dbfd8cdab96d6b4c) Importer(815301076,1909f56bfc062723c751e8b465ee728b)
Start importing Assets/Scenes/Route tests/Route test Ravnice 4.unity using Guid(7c37427a44fc2984dbfd8cdab96d6b4c) Importer(815301076,1909f56bfc062723c751e8b465ee728b)  -> (artifact id: '9a4f206efd27e9f2958177b41febafbd') in 0.004174 seconds
  Import took 0.011840 seconds .

========================================================================
Received Import Request.
  Time since last request: 19.364171 seconds.
  path: Assets/Scenes/Route tests/Route test Riteh 1.unity
  artifactKey: Guid(9f5fc811835e0b84384610c00991861f) Importer(815301076,1909f56bfc062723c751e8b465ee728b)
Start importing Assets/Scenes/Route tests/Route test Riteh 1.unity using Guid(9f5fc811835e0b84384610c00991861f) Importer(815301076,1909f56bfc062723c751e8b465ee728b)  -> (artifact id: 'e4f7e03e958aaec4de50fcb7565e58df') in 0.003945 seconds
  Import took 0.010824 seconds .

========================================================================
Received Import Request.
  Time since last request: 9.022408 seconds.
  path: Assets/Scenes/Route tests/Route test Riteh2.unity
  artifactKey: Guid(7c37427a44fc2984dbfd8cdab96d6b4c) Importer(815301076,1909f56bfc062723c751e8b465ee728b)
Start importing Assets/Scenes/Route tests/Route test Riteh2.unity using Guid(7c37427a44fc2984dbfd8cdab96d6b4c) Importer(815301076,1909f56bfc062723c751e8b465ee728b)  -> (artifact id: 'a6c67eec6e84da276563f7e3c7e2141e') in 0.004336 seconds
  Import took 0.011721 seconds .

========================================================================
Received Import Request.
  Time since last request: 98.378113 seconds.
  path: Assets/Scenes/Route tests/Route test Riteh 1 bez debuga.unity
  artifactKey: Guid(7c37427a44fc2984dbfd8cdab96d6b4c) Importer(815301076,1909f56bfc062723c751e8b465ee728b)
Start importing Assets/Scenes/Route tests/Route test Riteh 1 bez debuga.unity using Guid(7c37427a44fc2984dbfd8cdab96d6b4c) Importer(815301076,1909f56bfc062723c751e8b465ee728b)  -> (artifact id: 'da2aefc01904e9867f7343321c2b7d6b') in 0.005019 seconds
  Import took 0.011793 seconds .

========================================================================
Received Import Request.
  Time since last request: 5.843599 seconds.
  path: Assets/Scenes/Route tests/Route test Riteh 1.unity
  artifactKey: Guid(9f5fc811835e0b84384610c00991861f) Importer(815301076,1909f56bfc062723c751e8b465ee728b)
Start importing Assets/Scenes/Route tests/Route test Riteh 1.unity using Guid(9f5fc811835e0b84384610c00991861f) Importer(815301076,1909f56bfc062723c751e8b465ee728b)  -> (artifact id: '5dd5df3e0fd933f2622f59a958da27e0') in 0.004497 seconds
  Import took 0.011336 seconds .

========================================================================
Received Import Request.
  Time since last request: 0.006859 seconds.
  path: Assets/Scenes/Route tests/Route test Riteh 1.unity
  artifactKey: Guid(9f5fc811835e0b84384610c00991861f) Importer(815301076,1909f56bfc062723c751e8b465ee728b)
Start importing Assets/Scenes/Route tests/Route test Riteh 1.unity using Guid(9f5fc811835e0b84384610c00991861f) Importer(815301076,1909f56bfc062723c751e8b465ee728b)  -> (artifact id: '5dd5df3e0fd933f2622f59a958da27e0') in 0.003755 seconds
  Import took 0.011403 seconds .

========================================================================
Received Import Request.
  Time since last request: 21.546237 seconds.
  path: Assets/CustomeRoutes/Riteh(0).asset
  artifactKey: Guid(36d83c7f35aca4b439f7907324dde6a3) Importer(815301076,1909f56bfc062723c751e8b465ee728b)
Start importing Assets/CustomeRoutes/Riteh(0).asset using Guid(36d83c7f35aca4b439f7907324dde6a3) Importer(815301076,1909f56bfc062723c751e8b465ee728b)  -> (artifact id: '26c32d19e4ec665e1f604757e252d791') in 0.005064 seconds
  Import took 0.011591 seconds .

========================================================================
Received Import Request.
  Time since last request: 19.059560 seconds.
  path: Assets/Scenes/Route tests/Route test Riteh 1.unity
  artifactKey: Guid(9f5fc811835e0b84384610c00991861f) Importer(815301076,1909f56bfc062723c751e8b465ee728b)
Start importing Assets/Scenes/Route tests/Route test Riteh 1.unity using Guid(9f5fc811835e0b84384610c00991861f) Importer(815301076,1909f56bfc062723c751e8b465ee728b)  -> (artifact id: '905d5717d5629bde388c7c3716a1384a') in 0.003576 seconds
  Import took 0.011038 seconds .

========================================================================
Received Import Request.
  Time since last request: 1.255335 seconds.
  path: Assets/Scenes/Route tests/Route test Riteh 2.unity
  artifactKey: Guid(3b0a9f55988c7324d9481fc827260d97) Importer(815301076,1909f56bfc062723c751e8b465ee728b)
Start importing Assets/Scenes/Route tests/Route test Riteh 2.unity using Guid(3b0a9f55988c7324d9481fc827260d97) Importer(815301076,1909f56bfc062723c751e8b465ee728b)  -> (artifact id: '4cfbda731983982a26e1e7d71beaf8e9') in 0.004027 seconds
  Import took 0.011120 seconds .

========================================================================
Received Import Request.
  Time since last request: 14.141734 seconds.
  path: Assets/Scenes/Route tests/Route test Riteh 1 bez debuga.unity
  artifactKey: Guid(3b0a9f55988c7324d9481fc827260d97) Importer(815301076,1909f56bfc062723c751e8b465ee728b)
Start importing Assets/Scenes/Route tests/Route test Riteh 1 bez debuga.unity using Guid(3b0a9f55988c7324d9481fc827260d97) Importer(815301076,1909f56bfc062723c751e8b465ee728b)  -> (artifact id: 'd06132b69f073d8f8ec681685b0987d8') in 0.003599 seconds
  Import took 0.010290 seconds .

========================================================================
Received Import Request.
  Time since last request: 10.311149 seconds.
  path: Assets/Scenes/Route tests/Route test Riteh 1 bez debuga.unity
  artifactKey: Guid(3b0a9f55988c7324d9481fc827260d97) Importer(815301076,1909f56bfc062723c751e8b465ee728b)
Start importing Assets/Scenes/Route tests/Route test Riteh 1 bez debuga.unity using Guid(3b0a9f55988c7324d9481fc827260d97) Importer(815301076,1909f56bfc062723c751e8b465ee728b)  -> (artifact id: '8973dc2f1c11c2e408987b45ab716cc8') in 0.004322 seconds
  Import took 0.010977 seconds .

========================================================================
Received Import Request.
  Time since last request: 1.869717 seconds.
  path: Assets/Scenes/Route tests/Route test Riteh 1 bez debuga 1.unity
  artifactKey: Guid(7d7c9713fc8a6ef45a5e7ca384317528) Importer(815301076,1909f56bfc062723c751e8b465ee728b)
Start importing Assets/Scenes/Route tests/Route test Riteh 1 bez debuga 1.unity using Guid(7d7c9713fc8a6ef45a5e7ca384317528) Importer(815301076,1909f56bfc062723c751e8b465ee728b)  -> (artifact id: 'c40c46d829950c80eed859bb6b758553') in 0.005189 seconds
  Import took 0.012187 seconds .

========================================================================
Received Import Request.
  Time since last request: 14.082307 seconds.
  path: Assets/Scenes/Route tests/Route test Riteh 2.unity
  artifactKey: Guid(7d7c9713fc8a6ef45a5e7ca384317528) Importer(815301076,1909f56bfc062723c751e8b465ee728b)
Start importing Assets/Scenes/Route tests/Route test Riteh 2.unity using Guid(7d7c9713fc8a6ef45a5e7ca384317528) Importer(815301076,1909f56bfc062723c751e8b465ee728b)  -> (artifact id: 'c974f4524588c69e1dbf3880b068b4bf') in 0.003715 seconds
  Import took 0.010835 seconds .

========================================================================
Received Import Request.
  Time since last request: 130.183832 seconds.
  path: Assets/Scenes/SceneManager.unity
  artifactKey: Guid(b6a15bf91f43b484eb82761eae8e60c9) Importer(815301076,1909f56bfc062723c751e8b465ee728b)
Start importing Assets/Scenes/SceneManager.unity using Guid(b6a15bf91f43b484eb82761eae8e60c9) Importer(815301076,1909f56bfc062723c751e8b465ee728b)  -> (artifact id: '39fb012f5287ec2b199f4fe04f592d7d') in 0.004117 seconds
  Import took 0.011554 seconds .

========================================================================
Received Import Request.
  Time since last request: 400.363623 seconds.
  path: Assets/Scenes/DB/DB test to get locations to mapbox.unity
  artifactKey: Guid(858ddb876a01db147aa9af838414066c) Importer(815301076,1909f56bfc062723c751e8b465ee728b)
Start importing Assets/Scenes/DB/DB test to get locations to mapbox.unity using Guid(858ddb876a01db147aa9af838414066c) Importer(815301076,1909f56bfc062723c751e8b465ee728b)  -> (artifact id: '3c6eb7b29170fae7aae4c953983dbfa9') in 0.359556 seconds
  Import took 0.366945 seconds .

========================================================================
Received Import Request.
  Time since last request: 3.155103 seconds.
  path: Assets/Scenes/DB/DB test to get locations to mapbox 1.unity
  artifactKey: Guid(a1f8ff93a1228474ab5a49067e7dce57) Importer(815301076,1909f56bfc062723c751e8b465ee728b)
Start importing Assets/Scenes/DB/DB test to get locations to mapbox 1.unity using Guid(a1f8ff93a1228474ab5a49067e7dce57) Importer(815301076,1909f56bfc062723c751e8b465ee728b)  -> (artifact id: '399ea81e2c1216c43409191fe8a9e03a') in 0.004027 seconds
  Import took 0.011766 seconds .

========================================================================
Received Import Request.
  Time since last request: 12.127509 seconds.
  path: Assets/Scenes/DB/DB Riteh.unity
  artifactKey: Guid(a1f8ff93a1228474ab5a49067e7dce57) Importer(815301076,1909f56bfc062723c751e8b465ee728b)
Start importing Assets/Scenes/DB/DB Riteh.unity using Guid(a1f8ff93a1228474ab5a49067e7dce57) Importer(815301076,1909f56bfc062723c751e8b465ee728b)  -> (artifact id: '40197e69753d7fb24d08babed716d7b5') in 0.005175 seconds
  Import took 0.011961 seconds .

========================================================================
Received Prepare
Registering precompiled user dll's ...
Registered in 0.009182 seconds.
Begin MonoManager ReloadAssembly
Native extension for WindowsStandalone target not found
Native extension for WebGL target not found
Refreshing native plugins compatible for Editor in 1.79 ms, found 8 plugins.
Preloading 1 native plugins for Editor in 0.16 ms.
[ARLocation]: Starting up!
UnityEngine.StackTraceUtility:ExtractStackTrace ()
UnityEngine.DebugLogHandler:LogFormat (UnityEngine.LogType,UnityEngine.Object,string,object[])
UnityEngine.Logger:Log (UnityEngine.LogType,object)
UnityEngine.Debug:Log (object)
ARLocationEditorConfigManager:.cctor () (at Assets/ARLocation/Editor/ARLocationEditorConfigManager.cs:13)
System.Runtime.CompilerServices.RuntimeHelpers:RunClassConstructor (System.RuntimeTypeHandle)
UnityEditor.EditorAssemblies:ProcessInitializeOnLoadAttributes (System.Type[])

(Filename: Assets/ARLocation/Editor/ARLocationEditorConfigManager.cs Line: 13)

[ARLocation]: Resource folder already exists!
UnityEngine.StackTraceUtility:ExtractStackTrace ()
UnityEngine.DebugLogHandler:LogFormat (UnityEngine.LogType,UnityEngine.Object,string,object[])
UnityEngine.Logger:Log (UnityEngine.LogType,object)
UnityEngine.Debug:Log (object)
ARLocationEditorConfigManager:.cctor () (at Assets/ARLocation/Editor/ARLocationEditorConfigManager.cs:17)
System.Runtime.CompilerServices.RuntimeHelpers:RunClassConstructor (System.RuntimeTypeHandle)
UnityEditor.EditorAssemblies:ProcessInitializeOnLoadAttributes (System.Type[])

(Filename: Assets/ARLocation/Editor/ARLocationEditorConfigManager.cs Line: 17)

[ARLocation]: Config already exists!
UnityEngine.StackTraceUtility:ExtractStackTrace ()
UnityEngine.DebugLogHandler:LogFormat (UnityEngine.LogType,UnityEngine.Object,string,object[])
UnityEngine.Logger:Log (UnityEngine.LogType,object)
UnityEngine.Debug:Log (object)
ARLocationEditorConfigManager:.cctor () (at Assets/ARLocation/Editor/ARLocationEditorConfigManager.cs:29)
System.Runtime.CompilerServices.RuntimeHelpers:RunClassConstructor (System.RuntimeTypeHandle)
UnityEditor.EditorAssemblies:ProcessInitializeOnLoadAttributes (System.Type[])

(Filename: Assets/ARLocation/Editor/ARLocationEditorConfigManager.cs Line: 29)

Mono: successfully reloaded assembly
- Completed reload, in  1.982 seconds
Platform modules already initialized, skipping
Switching build target platform(5) subTarget(0) extendedPlatform(0) -> platform(13) subTarget(589824) extendedPlatform(0)
Refreshing native plugins compatible for Editor in 1.59 ms, found 8 plugins.
Preloading 1 native plugins for Editor in 0.19 ms.
Unloading 1918 Unused Serialized files (Serialized files now loaded: 0)
System memory in use before: 83.1 MB.
System memory in use after: 83.1 MB.

Unloading 18 unused Assets to reduce memory usage. Loaded Objects now: 2401.
Total: 5.350700 ms (FindLiveObjects: 0.637300 ms CreateObjectMapping: 0.236800 ms MarkObjects: 4.279300 ms  DeleteObjects: 0.193900 ms)

AssetImportParameters requested are different than current active one (requested -> active):
  custom:graphics/normal-map-encoding: 01000000000000000000000000000000 -> 02000000000000000000000000000000
========================================================================
Received Prepare
Registering precompiled user dll's ...
Registered in 0.008160 seconds.
Begin MonoManager ReloadAssembly
Native extension for WindowsStandalone target not found
Native extension for WebGL target not found
Refreshing native plugins compatible for Editor in 1.40 ms, found 8 plugins.
Preloading 1 native plugins for Editor in 0.13 ms.
[ARLocation]: Starting up!
UnityEngine.StackTraceUtility:ExtractStackTrace ()
UnityEngine.DebugLogHandler:LogFormat (UnityEngine.LogType,UnityEngine.Object,string,object[])
UnityEngine.Logger:Log (UnityEngine.LogType,object)
UnityEngine.Debug:Log (object)
ARLocationEditorConfigManager:.cctor () (at Assets/ARLocation/Editor/ARLocationEditorConfigManager.cs:13)
System.Runtime.CompilerServices.RuntimeHelpers:RunClassConstructor (System.RuntimeTypeHandle)
UnityEditor.EditorAssemblies:ProcessInitializeOnLoadAttributes (System.Type[])

(Filename: Assets/ARLocation/Editor/ARLocationEditorConfigManager.cs Line: 13)

[ARLocation]: Resource folder already exists!
UnityEngine.StackTraceUtility:ExtractStackTrace ()
UnityEngine.DebugLogHandler:LogFormat (UnityEngine.LogType,UnityEngine.Object,string,object[])
UnityEngine.Logger:Log (UnityEngine.LogType,object)
UnityEngine.Debug:Log (object)
ARLocationEditorConfigManager:.cctor () (at Assets/ARLocation/Editor/ARLocationEditorConfigManager.cs:17)
System.Runtime.CompilerServices.RuntimeHelpers:RunClassConstructor (System.RuntimeTypeHandle)
UnityEditor.EditorAssemblies:ProcessInitializeOnLoadAttributes (System.Type[])

(Filename: Assets/ARLocation/Editor/ARLocationEditorConfigManager.cs Line: 17)

[ARLocation]: Config already exists!
UnityEngine.StackTraceUtility:ExtractStackTrace ()
UnityEngine.DebugLogHandler:LogFormat (UnityEngine.LogType,UnityEngine.Object,string,object[])
UnityEngine.Logger:Log (UnityEngine.LogType,object)
UnityEngine.Debug:Log (object)
ARLocationEditorConfigManager:.cctor () (at Assets/ARLocation/Editor/ARLocationEditorConfigManager.cs:29)
System.Runtime.CompilerServices.RuntimeHelpers:RunClassConstructor (System.RuntimeTypeHandle)
UnityEditor.EditorAssemblies:ProcessInitializeOnLoadAttributes (System.Type[])

(Filename: Assets/ARLocation/Editor/ARLocationEditorConfigManager.cs Line: 29)

Mono: successfully reloaded assembly
- Completed reload, in  1.619 seconds
Platform modules already initialized, skipping
Switching build target platform(5) subTarget(0) extendedPlatform(0) -> platform(13) subTarget(589824) extendedPlatform(0)
Refreshing native plugins compatible for Editor in 1.62 ms, found 8 plugins.
Preloading 1 native plugins for Editor in 0.12 ms.
Unloading 1918 Unused Serialized files (Serialized files now loaded: 0)
System memory in use before: 83.1 MB.
System memory in use after: 83.2 MB.

Unloading 18 unused Assets to reduce memory usage. Loaded Objects now: 2405.
Total: 4.629300 ms (FindLiveObjects: 0.515600 ms CreateObjectMapping: 0.361800 ms MarkObjects: 3.613000 ms  DeleteObjects: 0.136300 ms)

AssetImportParameters requested are different than current active one (requested -> active):
  custom:graphics/normal-map-encoding: 01000000000000000000000000000000 -> 02000000000000000000000000000000
========================================================================
Received Import Request.
  Time since last request: 187.017358 seconds.
  path: Assets/CustomeRoutes/RutaZaPromjenuPrekoBaze.asset
  artifactKey: Guid(bec6d4c23c3ee6f4e82a2e7c04c04540) Importer(815301076,1909f56bfc062723c751e8b465ee728b)
Start importing Assets/CustomeRoutes/RutaZaPromjenuPrekoBaze.asset using Guid(bec6d4c23c3ee6f4e82a2e7c04c04540) Importer(815301076,1909f56bfc062723c751e8b465ee728b)  -> (artifact id: '5a4020c34146403b5a181ca82f9053dd') in 0.020991 seconds
  Import took 0.027709 seconds .

========================================================================
Received Import Request.
  Time since last request: 0.047748 seconds.
  path: Assets/CustomeRoutes/RutaZaPromjenuPrekoBaze.asset
  artifactKey: Guid(bec6d4c23c3ee6f4e82a2e7c04c04540) Importer(815301076,1909f56bfc062723c751e8b465ee728b)
Start importing Assets/CustomeRoutes/RutaZaPromjenuPrekoBaze.asset using Guid(bec6d4c23c3ee6f4e82a2e7c04c04540) Importer(815301076,1909f56bfc062723c751e8b465ee728b)  -> (artifact id: '5a4020c34146403b5a181ca82f9053dd') in 0.004117 seconds
  Import took 0.010830 seconds .

========================================================================
Received Prepare
Registering precompiled user dll's ...
Registered in 0.008400 seconds.
Begin MonoManager ReloadAssembly
Native extension for WindowsStandalone target not found
Native extension for WebGL target not found
Refreshing native plugins compatible for Editor in 1.45 ms, found 8 plugins.
Preloading 1 native plugins for Editor in 0.14 ms.
[ARLocation]: Starting up!
UnityEngine.StackTraceUtility:ExtractStackTrace ()
UnityEngine.DebugLogHandler:LogFormat (UnityEngine.LogType,UnityEngine.Object,string,object[])
UnityEngine.Logger:Log (UnityEngine.LogType,object)
UnityEngine.Debug:Log (object)
ARLocationEditorConfigManager:.cctor () (at Assets/ARLocation/Editor/ARLocationEditorConfigManager.cs:13)
System.Runtime.CompilerServices.RuntimeHelpers:RunClassConstructor (System.RuntimeTypeHandle)
UnityEditor.EditorAssemblies:ProcessInitializeOnLoadAttributes (System.Type[])

(Filename: Assets/ARLocation/Editor/ARLocationEditorConfigManager.cs Line: 13)

[ARLocation]: Resource folder already exists!
UnityEngine.StackTraceUtility:ExtractStackTrace ()
UnityEngine.DebugLogHandler:LogFormat (UnityEngine.LogType,UnityEngine.Object,string,object[])
UnityEngine.Logger:Log (UnityEngine.LogType,object)
UnityEngine.Debug:Log (object)
ARLocationEditorConfigManager:.cctor () (at Assets/ARLocation/Editor/ARLocationEditorConfigManager.cs:17)
System.Runtime.CompilerServices.RuntimeHelpers:RunClassConstructor (System.RuntimeTypeHandle)
UnityEditor.EditorAssemblies:ProcessInitializeOnLoadAttributes (System.Type[])

(Filename: Assets/ARLocation/Editor/ARLocationEditorConfigManager.cs Line: 17)

[ARLocation]: Config already exists!
UnityEngine.StackTraceUtility:ExtractStackTrace ()
UnityEngine.DebugLogHandler:LogFormat (UnityEngine.LogType,UnityEngine.Object,string,object[])
UnityEngine.Logger:Log (UnityEngine.LogType,object)
UnityEngine.Debug:Log (object)
ARLocationEditorConfigManager:.cctor () (at Assets/ARLocation/Editor/ARLocationEditorConfigManager.cs:29)
System.Runtime.CompilerServices.RuntimeHelpers:RunClassConstructor (System.RuntimeTypeHandle)
UnityEditor.EditorAssemblies:ProcessInitializeOnLoadAttributes (System.Type[])

(Filename: Assets/ARLocation/Editor/ARLocationEditorConfigManager.cs Line: 29)

Mono: successfully reloaded assembly
- Completed reload, in  1.641 seconds
Platform modules already initialized, skipping
Switching build target platform(5) subTarget(0) extendedPlatform(0) -> platform(13) subTarget(589824) extendedPlatform(0)
Refreshing native plugins compatible for Editor in 1.45 ms, found 8 plugins.
Preloading 1 native plugins for Editor in 0.14 ms.
Unloading 1918 Unused Serialized files (Serialized files now loaded: 0)
System memory in use before: 83.2 MB.
System memory in use after: 83.2 MB.

Unloading 18 unused Assets to reduce memory usage. Loaded Objects now: 2409.
Total: 4.333800 ms (FindLiveObjects: 0.539400 ms CreateObjectMapping: 0.226500 ms MarkObjects: 3.387900 ms  DeleteObjects: 0.177300 ms)

AssetImportParameters requested are different than current active one (requested -> active):
  custom:graphics/normal-map-encoding: 01000000000000000000000000000000 -> 02000000000000000000000000000000
========================================================================
Received Prepare
Registering precompiled user dll's ...
Registered in 0.008321 seconds.
Begin MonoManager ReloadAssembly
Native extension for WindowsStandalone target not found
Native extension for WebGL target not found
Refreshing native plugins compatible for Editor in 1.68 ms, found 8 plugins.
Preloading 1 native plugins for Editor in 0.16 ms.
[ARLocation]: Starting up!
UnityEngine.StackTraceUtility:ExtractStackTrace ()
UnityEngine.DebugLogHandler:LogFormat (UnityEngine.LogType,UnityEngine.Object,string,object[])
UnityEngine.Logger:Log (UnityEngine.LogType,object)
UnityEngine.Debug:Log (object)
ARLocationEditorConfigManager:.cctor () (at Assets/ARLocation/Editor/ARLocationEditorConfigManager.cs:13)
System.Runtime.CompilerServices.RuntimeHelpers:RunClassConstructor (System.RuntimeTypeHandle)
UnityEditor.EditorAssemblies:ProcessInitializeOnLoadAttributes (System.Type[])

(Filename: Assets/ARLocation/Editor/ARLocationEditorConfigManager.cs Line: 13)

[ARLocation]: Resource folder already exists!
UnityEngine.StackTraceUtility:ExtractStackTrace ()
UnityEngine.DebugLogHandler:LogFormat (UnityEngine.LogType,UnityEngine.Object,string,object[])
UnityEngine.Logger:Log (UnityEngine.LogType,object)
UnityEngine.Debug:Log (object)
ARLocationEditorConfigManager:.cctor () (at Assets/ARLocation/Editor/ARLocationEditorConfigManager.cs:17)
System.Runtime.CompilerServices.RuntimeHelpers:RunClassConstructor (System.RuntimeTypeHandle)
UnityEditor.EditorAssemblies:ProcessInitializeOnLoadAttributes (System.Type[])

(Filename: Assets/ARLocation/Editor/ARLocationEditorConfigManager.cs Line: 17)

[ARLocation]: Config already exists!
UnityEngine.StackTraceUtility:ExtractStackTrace ()
UnityEngine.DebugLogHandler:LogFormat (UnityEngine.LogType,UnityEngine.Object,string,object[])
UnityEngine.Logger:Log (UnityEngine.LogType,object)
UnityEngine.Debug:Log (object)
ARLocationEditorConfigManager:.cctor () (at Assets/ARLocation/Editor/ARLocationEditorConfigManager.cs:29)
System.Runtime.CompilerServices.RuntimeHelpers:RunClassConstructor (System.RuntimeTypeHandle)
UnityEditor.EditorAssemblies:ProcessInitializeOnLoadAttributes (System.Type[])

(Filename: Assets/ARLocation/Editor/ARLocationEditorConfigManager.cs Line: 29)

Mono: successfully reloaded assembly
- Completed reload, in  1.681 seconds
Platform modules already initialized, skipping
Switching build target platform(5) subTarget(0) extendedPlatform(0) -> platform(13) subTarget(589824) extendedPlatform(0)
Refreshing native plugins compatible for Editor in 1.95 ms, found 8 plugins.
Preloading 1 native plugins for Editor in 0.19 ms.
Unloading 1918 Unused Serialized files (Serialized files now loaded: 0)
System memory in use before: 83.2 MB.
System memory in use after: 83.2 MB.

Unloading 18 unused Assets to reduce memory usage. Loaded Objects now: 2413.
Total: 5.564200 ms (FindLiveObjects: 0.554500 ms CreateObjectMapping: 0.239600 ms MarkObjects: 4.546500 ms  DeleteObjects: 0.219400 ms)

AssetImportParameters requested are different than current active one (requested -> active):
  custom:graphics/normal-map-encoding: 01000000000000000000000000000000 -> 02000000000000000000000000000000
========================================================================
Received Prepare
Registering precompiled user dll's ...
Registered in 0.008138 seconds.
Begin MonoManager ReloadAssembly
Native extension for WindowsStandalone target not found
Native extension for WebGL target not found
Refreshing native plugins compatible for Editor in 1.54 ms, found 8 plugins.
Preloading 1 native plugins for Editor in 0.13 ms.
[ARLocation]: Starting up!
UnityEngine.StackTraceUtility:ExtractStackTrace ()
UnityEngine.DebugLogHandler:LogFormat (UnityEngine.LogType,UnityEngine.Object,string,object[])
UnityEngine.Logger:Log (UnityEngine.LogType,object)
UnityEngine.Debug:Log (object)
ARLocationEditorConfigManager:.cctor () (at Assets/ARLocation/Editor/ARLocationEditorConfigManager.cs:13)
System.Runtime.CompilerServices.RuntimeHelpers:RunClassConstructor (System.RuntimeTypeHandle)
UnityEditor.EditorAssemblies:ProcessInitializeOnLoadAttributes (System.Type[])

(Filename: Assets/ARLocation/Editor/ARLocationEditorConfigManager.cs Line: 13)

[ARLocation]: Resource folder already exists!
UnityEngine.StackTraceUtility:ExtractStackTrace ()
UnityEngine.DebugLogHandler:LogFormat (UnityEngine.LogType,UnityEngine.Object,string,object[])
UnityEngine.Logger:Log (UnityEngine.LogType,object)
UnityEngine.Debug:Log (object)
ARLocationEditorConfigManager:.cctor () (at Assets/ARLocation/Editor/ARLocationEditorConfigManager.cs:17)
System.Runtime.CompilerServices.RuntimeHelpers:RunClassConstructor (System.RuntimeTypeHandle)
UnityEditor.EditorAssemblies:ProcessInitializeOnLoadAttributes (System.Type[])

(Filename: Assets/ARLocation/Editor/ARLocationEditorConfigManager.cs Line: 17)

[ARLocation]: Config already exists!
UnityEngine.StackTraceUtility:ExtractStackTrace ()
UnityEngine.DebugLogHandler:LogFormat (UnityEngine.LogType,UnityEngine.Object,string,object[])
UnityEngine.Logger:Log (UnityEngine.LogType,object)
UnityEngine.Debug:Log (object)
ARLocationEditorConfigManager:.cctor () (at Assets/ARLocation/Editor/ARLocationEditorConfigManager.cs:29)
System.Runtime.CompilerServices.RuntimeHelpers:RunClassConstructor (System.RuntimeTypeHandle)
UnityEditor.EditorAssemblies:ProcessInitializeOnLoadAttributes (System.Type[])

(Filename: Assets/ARLocation/Editor/ARLocationEditorConfigManager.cs Line: 29)

Mono: successfully reloaded assembly
- Completed reload, in  1.708 seconds
Platform modules already initialized, skipping
Switching build target platform(5) subTarget(0) extendedPlatform(0) -> platform(13) subTarget(589824) extendedPlatform(0)
Refreshing native plugins compatible for Editor in 1.39 ms, found 8 plugins.
Preloading 1 native plugins for Editor in 0.12 ms.
Unloading 1918 Unused Serialized files (Serialized files now loaded: 0)
System memory in use before: 83.2 MB.
System memory in use after: 83.2 MB.

Unloading 18 unused Assets to reduce memory usage. Loaded Objects now: 2417.
Total: 4.329000 ms (FindLiveObjects: 0.566100 ms CreateObjectMapping: 0.236300 ms MarkObjects: 3.387100 ms  DeleteObjects: 0.136900 ms)

AssetImportParameters requested are different than current active one (requested -> active):
  custom:graphics/normal-map-encoding: 01000000000000000000000000000000 -> 02000000000000000000000000000000
========================================================================
Received Prepare
Registering precompiled user dll's ...
Registered in 0.007755 seconds.
Begin MonoManager ReloadAssembly
Native extension for WindowsStandalone target not found
Native extension for WebGL target not found
Refreshing native plugins compatible for Editor in 1.56 ms, found 8 plugins.
Preloading 1 native plugins for Editor in 0.13 ms.
[ARLocation]: Starting up!
UnityEngine.StackTraceUtility:ExtractStackTrace ()
UnityEngine.DebugLogHandler:LogFormat (UnityEngine.LogType,UnityEngine.Object,string,object[])
UnityEngine.Logger:Log (UnityEngine.LogType,object)
UnityEngine.Debug:Log (object)
ARLocationEditorConfigManager:.cctor () (at Assets/ARLocation/Editor/ARLocationEditorConfigManager.cs:13)
System.Runtime.CompilerServices.RuntimeHelpers:RunClassConstructor (System.RuntimeTypeHandle)
UnityEditor.EditorAssemblies:ProcessInitializeOnLoadAttributes (System.Type[])

(Filename: Assets/ARLocation/Editor/ARLocationEditorConfigManager.cs Line: 13)

[ARLocation]: Resource folder already exists!
UnityEngine.StackTraceUtility:ExtractStackTrace ()
UnityEngine.DebugLogHandler:LogFormat (UnityEngine.LogType,UnityEngine.Object,string,object[])
UnityEngine.Logger:Log (UnityEngine.LogType,object)
UnityEngine.Debug:Log (object)
ARLocationEditorConfigManager:.cctor () (at Assets/ARLocation/Editor/ARLocationEditorConfigManager.cs:17)
System.Runtime.CompilerServices.RuntimeHelpers:RunClassConstructor (System.RuntimeTypeHandle)
UnityEditor.EditorAssemblies:ProcessInitializeOnLoadAttributes (System.Type[])

(Filename: Assets/ARLocation/Editor/ARLocationEditorConfigManager.cs Line: 17)

[ARLocation]: Config already exists!
UnityEngine.StackTraceUtility:ExtractStackTrace ()
UnityEngine.DebugLogHandler:LogFormat (UnityEngine.LogType,UnityEngine.Object,string,object[])
UnityEngine.Logger:Log (UnityEngine.LogType,object)
UnityEngine.Debug:Log (object)
ARLocationEditorConfigManager:.cctor () (at Assets/ARLocation/Editor/ARLocationEditorConfigManager.cs:29)
System.Runtime.CompilerServices.RuntimeHelpers:RunClassConstructor (System.RuntimeTypeHandle)
UnityEditor.EditorAssemblies:ProcessInitializeOnLoadAttributes (System.Type[])

(Filename: Assets/ARLocation/Editor/ARLocationEditorConfigManager.cs Line: 29)

Mono: successfully reloaded assembly
- Completed reload, in  1.687 seconds
Platform modules already initialized, skipping
Switching build target platform(5) subTarget(0) extendedPlatform(0) -> platform(13) subTarget(589824) extendedPlatform(0)
Refreshing native plugins compatible for Editor in 1.38 ms, found 8 plugins.
Preloading 1 native plugins for Editor in 0.14 ms.
Unloading 1918 Unused Serialized files (Serialized files now loaded: 0)
System memory in use before: 83.2 MB.
System memory in use after: 83.3 MB.

Unloading 18 unused Assets to reduce memory usage. Loaded Objects now: 2421.
Total: 4.597800 ms (FindLiveObjects: 0.531900 ms CreateObjectMapping: 0.280800 ms MarkObjects: 3.581900 ms  DeleteObjects: 0.200700 ms)

AssetImportParameters requested are different than current active one (requested -> active):
  custom:graphics/normal-map-encoding: 01000000000000000000000000000000 -> 02000000000000000000000000000000
========================================================================
Received Prepare
Registering precompiled user dll's ...
Registered in 0.008120 seconds.
Begin MonoManager ReloadAssembly
Native extension for WindowsStandalone target not found
Native extension for WebGL target not found
Refreshing native plugins compatible for Editor in 1.50 ms, found 8 plugins.
Preloading 1 native plugins for Editor in 0.12 ms.
[ARLocation]: Starting up!
UnityEngine.StackTraceUtility:ExtractStackTrace ()
UnityEngine.DebugLogHandler:LogFormat (UnityEngine.LogType,UnityEngine.Object,string,object[])
UnityEngine.Logger:Log (UnityEngine.LogType,object)
UnityEngine.Debug:Log (object)
ARLocationEditorConfigManager:.cctor () (at Assets/ARLocation/Editor/ARLocationEditorConfigManager.cs:13)
System.Runtime.CompilerServices.RuntimeHelpers:RunClassConstructor (System.RuntimeTypeHandle)
UnityEditor.EditorAssemblies:ProcessInitializeOnLoadAttributes (System.Type[])

(Filename: Assets/ARLocation/Editor/ARLocationEditorConfigManager.cs Line: 13)

[ARLocation]: Resource folder already exists!
UnityEngine.StackTraceUtility:ExtractStackTrace ()
UnityEngine.DebugLogHandler:LogFormat (UnityEngine.LogType,UnityEngine.Object,string,object[])
UnityEngine.Logger:Log (UnityEngine.LogType,object)
UnityEngine.Debug:Log (object)
ARLocationEditorConfigManager:.cctor () (at Assets/ARLocation/Editor/ARLocationEditorConfigManager.cs:17)
System.Runtime.CompilerServices.RuntimeHelpers:RunClassConstructor (System.RuntimeTypeHandle)
UnityEditor.EditorAssemblies:ProcessInitializeOnLoadAttributes (System.Type[])

(Filename: Assets/ARLocation/Editor/ARLocationEditorConfigManager.cs Line: 17)

[ARLocation]: Config already exists!
UnityEngine.StackTraceUtility:ExtractStackTrace ()
UnityEngine.DebugLogHandler:LogFormat (UnityEngine.LogType,UnityEngine.Object,string,object[])
UnityEngine.Logger:Log (UnityEngine.LogType,object)
UnityEngine.Debug:Log (object)
ARLocationEditorConfigManager:.cctor () (at Assets/ARLocation/Editor/ARLocationEditorConfigManager.cs:29)
System.Runtime.CompilerServices.RuntimeHelpers:RunClassConstructor (System.RuntimeTypeHandle)
UnityEditor.EditorAssemblies:ProcessInitializeOnLoadAttributes (System.Type[])

(Filename: Assets/ARLocation/Editor/ARLocationEditorConfigManager.cs Line: 29)

Mono: successfully reloaded assembly
- Completed reload, in  1.646 seconds
Platform modules already initialized, skipping
Switching build target platform(5) subTarget(0) extendedPlatform(0) -> platform(13) subTarget(589824) extendedPlatform(0)
Refreshing native plugins compatible for Editor in 1.48 ms, found 8 plugins.
Preloading 1 native plugins for Editor in 0.13 ms.
Unloading 1918 Unused Serialized files (Serialized files now loaded: 0)
System memory in use before: 83.2 MB.
System memory in use after: 83.3 MB.

Unloading 18 unused Assets to reduce memory usage. Loaded Objects now: 2425.
Total: 4.678500 ms (FindLiveObjects: 0.557100 ms CreateObjectMapping: 0.263400 ms MarkObjects: 3.698400 ms  DeleteObjects: 0.157300 ms)

AssetImportParameters requested are different than current active one (requested -> active):
  custom:graphics/normal-map-encoding: 01000000000000000000000000000000 -> 02000000000000000000000000000000
========================================================================
Received Import Request.
  Time since last request: 975.042135 seconds.
  path: Assets/CustomeRoutes/RutaZaPromjenuPrekoBaze.asset
  artifactKey: Guid(bec6d4c23c3ee6f4e82a2e7c04c04540) Importer(815301076,1909f56bfc062723c751e8b465ee728b)
Start importing Assets/CustomeRoutes/RutaZaPromjenuPrekoBaze.asset using Guid(bec6d4c23c3ee6f4e82a2e7c04c04540) Importer(815301076,1909f56bfc062723c751e8b465ee728b)  -> (artifact id: '05e99a760b3674d5f1f83474935a1d54') in 0.022132 seconds
  Import took 0.029035 seconds .

========================================================================
Received Import Request.
  Time since last request: 25.040071 seconds.
  path: Assets/ARLocation/Mapbox Routes/Prefabs/SignPost_Small_Map_Pin.prefab
  artifactKey: Guid(154e5264001534d7999c9720b114562d) Importer(815301076,1909f56bfc062723c751e8b465ee728b)
Start importing Assets/ARLocation/Mapbox Routes/Prefabs/SignPost_Small_Map_Pin.prefab using Guid(154e5264001534d7999c9720b114562d) Importer(815301076,1909f56bfc062723c751e8b465ee728b)  -> (artifact id: 'fbedae725d286a2f58dd2e628a63c4b0') in 0.239850 seconds
  Import took 0.247283 seconds .

========================================================================
Received Import Request.
  Time since last request: 10.258344 seconds.
  path: Assets/ARLocation/Mapbox Routes/Prefabs/SignMeshPrefab.prefab
  artifactKey: Guid(b84ceac3303274827bb49595b0dd5f25) Importer(815301076,1909f56bfc062723c751e8b465ee728b)
Start importing Assets/ARLocation/Mapbox Routes/Prefabs/SignMeshPrefab.prefab using Guid(b84ceac3303274827bb49595b0dd5f25) Importer(815301076,1909f56bfc062723c751e8b465ee728b)  -> (artifact id: '25196f05887b8055ddb431eb9a3478e1') in 0.016516 seconds
  Import took 0.023075 seconds .

========================================================================
Received Import Request.
  Time since last request: 0.006359 seconds.
  path: Assets/ARLocation/Mapbox Routes/Prefabs/SignMeshPrefab.prefab
  artifactKey: Guid(b84ceac3303274827bb49595b0dd5f25) Importer(815301076,1909f56bfc062723c751e8b465ee728b)
Start importing Assets/ARLocation/Mapbox Routes/Prefabs/SignMeshPrefab.prefab using Guid(b84ceac3303274827bb49595b0dd5f25) Importer(815301076,1909f56bfc062723c751e8b465ee728b)  -> (artifact id: '25196f05887b8055ddb431eb9a3478e1') in 0.016153 seconds
  Import took 0.022136 seconds .

========================================================================
Received Import Request.
  Time since last request: 1.757224 seconds.
  path: Assets/ARLocation/Mapbox Routes/Prefabs/MapPinPrefab.prefab
  artifactKey: Guid(f9e365456859e4690951774033c4127a) Importer(815301076,1909f56bfc062723c751e8b465ee728b)
Start importing Assets/ARLocation/Mapbox Routes/Prefabs/MapPinPrefab.prefab using Guid(f9e365456859e4690951774033c4127a) Importer(815301076,1909f56bfc062723c751e8b465ee728b)  -> (artifact id: '49bfcf4d7138f4dbdcaa2f12f8afed96') in 0.022126 seconds
  Import took 0.029322 seconds .

========================================================================
Received Import Request.
  Time since last request: 0.004650 seconds.
  path: Assets/ARLocation/Mapbox Routes/Prefabs/MapPinPrefab.prefab
  artifactKey: Guid(f9e365456859e4690951774033c4127a) Importer(815301076,1909f56bfc062723c751e8b465ee728b)
Start importing Assets/ARLocation/Mapbox Routes/Prefabs/MapPinPrefab.prefab using Guid(f9e365456859e4690951774033c4127a) Importer(815301076,1909f56bfc062723c751e8b465ee728b)  -> (artifact id: '49bfcf4d7138f4dbdcaa2f12f8afed96') in 0.019649 seconds
  Import took 0.027023 seconds .

========================================================================
Received Import Request.
  Time since last request: 4.993500 seconds.
  path: Assets/ARLocation/Mapbox Routes/Prefabs/DefaultSignPost.prefab
  artifactKey: Guid(9427d144b9f504ecaa05db95fe5a286a) Importer(815301076,1909f56bfc062723c751e8b465ee728b)
Start importing Assets/ARLocation/Mapbox Routes/Prefabs/DefaultSignPost.prefab using Guid(9427d144b9f504ecaa05db95fe5a286a) Importer(815301076,1909f56bfc062723c751e8b465ee728b)  -> (artifact id: 'd0337892cb82f4aa93b8775ae82f250f') in 0.060465 seconds
  Import took 0.068405 seconds .

========================================================================
Received Import Request.
  Time since last request: 2.584749 seconds.
  path: Assets/ARLocation/Mapbox Routes/Prefabs/ArrowPrefab.prefab
  artifactKey: Guid(cfd35ff09300b40519f215498be77789) Importer(815301076,1909f56bfc062723c751e8b465ee728b)
Start importing Assets/ARLocation/Mapbox Routes/Prefabs/ArrowPrefab.prefab using Guid(cfd35ff09300b40519f215498be77789) Importer(815301076,1909f56bfc062723c751e8b465ee728b)  -> (artifact id: '15f61a93bf430fda90c7e00f646f1819') in 0.016331 seconds
  Import took 0.023838 seconds .

========================================================================
Received Import Request.
  Time since last request: 0.007446 seconds.
  path: Assets/ARLocation/Mapbox Routes/Prefabs/ArrowPrefab.prefab
  artifactKey: Guid(cfd35ff09300b40519f215498be77789) Importer(815301076,1909f56bfc062723c751e8b465ee728b)
Start importing Assets/ARLocation/Mapbox Routes/Prefabs/ArrowPrefab.prefab using Guid(cfd35ff09300b40519f215498be77789) Importer(815301076,1909f56bfc062723c751e8b465ee728b)  -> (artifact id: '15f61a93bf430fda90c7e00f646f1819') in 0.016302 seconds
  Import took 0.024297 seconds .

========================================================================
Received Prepare
Refreshing native plugins compatible for Editor in 7.07 ms, found 8 plugins.
Preloading 1 native plugins for Editor in 0.10 ms.
Unloading 15 Unused Serialized files (Serialized files now loaded: 0)
System memory in use before: 49.7 MB.
System memory in use after: 49.7 MB.

Unloading 15 unused Assets to reduce memory usage. Loaded Objects now: 2432.
Total: 6.327900 ms (FindLiveObjects: 0.552200 ms CreateObjectMapping: 0.207000 ms MarkObjects: 5.392300 ms  DeleteObjects: 0.173000 ms)

========================================================================
Received Prepare
Refreshing native plugins compatible for Editor in 7.05 ms, found 8 plugins.
Preloading 1 native plugins for Editor in 0.12 ms.
Unloading 15 Unused Serialized files (Serialized files now loaded: 0)
System memory in use before: 49.7 MB.
System memory in use after: 49.7 MB.

Unloading 15 unused Assets to reduce memory usage. Loaded Objects now: 2432.
Total: 6.053400 ms (FindLiveObjects: 0.622000 ms CreateObjectMapping: 0.236500 ms MarkObjects: 5.051400 ms  DeleteObjects: 0.139100 ms)

AssetImportWorkerClient::OnTransportError - code=2 error=End of file
