Using pre-set license
Built from '2020.3/staging' branch; Version is '2020.3.4f1 (0abb6314276a) revision 703331'; Using compiler version '192528614'; Build Type 'Release'
OS: 'Windows 10 Home; OS build 18362.418; Version 1903; 64bit' Language: 'en' Physical Memory: 16196 MB
BatchMode: 1, IsHumanControllingUs: 0, StartBugReporterOnCrash: 0, Is64bit: 1, IsPro: 0

 COMMAND LINE ARGUMENTS:
C:\Unity\2020.3.4f1\Editor\Unity.exe
-adb2
-batchMode
-noUpm
-name
AssetImportWorker0
-projectPath
D:/Unity projekti/AR GPS RiTeh Tin
-logFile
Logs/AssetImportWorker0.log
-srvPort
50389
Successfully changed project path to: D:/Unity projekti/AR GPS RiTeh Tin
D:/Unity projekti/AR GPS RiTeh Tin
Using Asset Import Pipeline V2.
Refreshing native plugins compatible for Editor in 93.45 ms, found 8 plugins.
Preloading 1 native plugins for Editor in 1.46 ms.
Initialize engine version: 2020.3.4f1 (0abb6314276a)
[Subsystems] Discovering subsystems at path C:/Unity/2020.3.4f1/Editor/Data/Resources/UnitySubsystems
[Subsystems] Discovering subsystems at path D:/Unity projekti/AR GPS RiTeh Tin/Assets
GfxDevice: creating device client; threaded=0
Direct3D:
    Version:  Direct3D 11.0 [level 11.1]
    Renderer: NVIDIA GeForce GTX 1660 Ti (ID=0x2191)
    Vendor:   
    VRAM:     5991 MB
    Driver:   26.21.14.3153
Initialize mono
Mono path[0] = 'C:/Unity/2020.3.4f1/Editor/Data/Managed'
Mono path[1] = 'C:/Unity/2020.3.4f1/Editor/Data/MonoBleedingEdge/lib/mono/unityjit'
Mono config path = 'C:/Unity/2020.3.4f1/Editor/Data/MonoBleedingEdge/etc'
Using monoOptions --debugger-agent=transport=dt_socket,embedding=1,server=y,suspend=n,address=127.0.0.1:56340
Begin MonoManager ReloadAssembly
Registering precompiled unity dll's ...
Register platform support module: C:/Unity/2020.3.4f1/Editor/Data/PlaybackEngines/WebGLSupport/UnityEditor.WebGL.Extensions.dll
Register platform support module: C:/Unity/2020.3.4f1/Editor/Data/PlaybackEngines/WindowsStandaloneSupport/UnityEditor.WindowsStandalone.Extensions.dll
Registered in 0.004459 seconds.
Native extension for WindowsStandalone target not found
Native extension for WebGL target not found
Refreshing native plugins compatible for Editor in 76.49 ms, found 8 plugins.
Preloading 1 native plugins for Editor in 0.12 ms.
Mono: successfully reloaded assembly
- Completed reload, in  3.904 seconds
Platform modules already initialized, skipping
Registering precompiled user dll's ...
Registered in 0.007574 seconds.
Begin MonoManager ReloadAssembly
Native extension for WindowsStandalone target not found
Native extension for WebGL target not found
Refreshing native plugins compatible for Editor in 77.09 ms, found 8 plugins.
Preloading 1 native plugins for Editor in 0.11 ms.
[ARLocation]: Starting up!
UnityEngine.StackTraceUtility:ExtractStackTrace ()
UnityEngine.DebugLogHandler:LogFormat (UnityEngine.LogType,UnityEngine.Object,string,object[])
UnityEngine.Logger:Log (UnityEngine.LogType,object)
UnityEngine.Debug:Log (object)
ARLocationEditorConfigManager:.cctor () (at Assets/ARLocation/Editor/ARLocationEditorConfigManager.cs:13)
System.Runtime.CompilerServices.RuntimeHelpers:RunClassConstructor (System.RuntimeTypeHandle)
UnityEditor.EditorAssemblies:ProcessInitializeOnLoadAttributes (System.Type[])

(Filename: Assets/ARLocation/Editor/ARLocationEditorConfigManager.cs Line: 13)

[ARLocation]: Resource folder already exists!
UnityEngine.StackTraceUtility:ExtractStackTrace ()
UnityEngine.DebugLogHandler:LogFormat (UnityEngine.LogType,UnityEngine.Object,string,object[])
UnityEngine.Logger:Log (UnityEngine.LogType,object)
UnityEngine.Debug:Log (object)
ARLocationEditorConfigManager:.cctor () (at Assets/ARLocation/Editor/ARLocationEditorConfigManager.cs:17)
System.Runtime.CompilerServices.RuntimeHelpers:RunClassConstructor (System.RuntimeTypeHandle)
UnityEditor.EditorAssemblies:ProcessInitializeOnLoadAttributes (System.Type[])

(Filename: Assets/ARLocation/Editor/ARLocationEditorConfigManager.cs Line: 17)

[ARLocation]: Config already exists!
UnityEngine.StackTraceUtility:ExtractStackTrace ()
UnityEngine.DebugLogHandler:LogFormat (UnityEngine.LogType,UnityEngine.Object,string,object[])
UnityEngine.Logger:Log (UnityEngine.LogType,object)
UnityEngine.Debug:Log (object)
ARLocationEditorConfigManager:.cctor () (at Assets/ARLocation/Editor/ARLocationEditorConfigManager.cs:29)
System.Runtime.CompilerServices.RuntimeHelpers:RunClassConstructor (System.RuntimeTypeHandle)
UnityEditor.EditorAssemblies:ProcessInitializeOnLoadAttributes (System.Type[])

(Filename: Assets/ARLocation/Editor/ARLocationEditorConfigManager.cs Line: 29)

Mono: successfully reloaded assembly
- Completed reload, in  1.792 seconds
Platform modules already initialized, skipping
========================================================================
Worker process is ready to serve import requests
Launched and connected shader compiler UnityShaderCompiler.exe after 0.06 seconds
Refreshing native plugins compatible for Editor in 1.13 ms, found 8 plugins.
Preloading 1 native plugins for Editor in 0.09 ms.
Unloading 1964 Unused Serialized files (Serialized files now loaded: 0)
System memory in use before: 85.5 MB.
System memory in use after: 85.5 MB.

Unloading 24 unused Assets to reduce memory usage. Loaded Objects now: 2396.
Total: 3.911200 ms (FindLiveObjects: 0.576500 ms CreateObjectMapping: 0.214200 ms MarkObjects: 2.943600 ms  DeleteObjects: 0.173800 ms)

========================================================================
Received Import Request.
  path: Assets/Scripts/DB/PutPrekoDBRitehTest.cs
  artifactKey: Guid(a42251741cc2f7442a584b83d2362adf) Importer(815301076,1909f56bfc062723c751e8b465ee728b)
Start importing Assets/Scripts/DB/PutPrekoDBRitehTest.cs using Guid(a42251741cc2f7442a584b83d2362adf) Importer(815301076,1909f56bfc062723c751e8b465ee728b)  -> (artifact id: 'd8b7b5f075e5e4cab2a2232fa0b00842') in 0.043578 seconds
  Import took 0.074616 seconds .

========================================================================
Received Prepare
Registering precompiled user dll's ...
Registered in 0.007649 seconds.
Begin MonoManager ReloadAssembly
Native extension for WindowsStandalone target not found
Native extension for WebGL target not found
Refreshing native plugins compatible for Editor in 1.36 ms, found 8 plugins.
Preloading 1 native plugins for Editor in 0.12 ms.
[ARLocation]: Starting up!
UnityEngine.StackTraceUtility:ExtractStackTrace ()
UnityEngine.DebugLogHandler:LogFormat (UnityEngine.LogType,UnityEngine.Object,string,object[])
UnityEngine.Logger:Log (UnityEngine.LogType,object)
UnityEngine.Debug:Log (object)
ARLocationEditorConfigManager:.cctor () (at Assets/ARLocation/Editor/ARLocationEditorConfigManager.cs:13)
System.Runtime.CompilerServices.RuntimeHelpers:RunClassConstructor (System.RuntimeTypeHandle)
UnityEditor.EditorAssemblies:ProcessInitializeOnLoadAttributes (System.Type[])

(Filename: Assets/ARLocation/Editor/ARLocationEditorConfigManager.cs Line: 13)

[ARLocation]: Resource folder already exists!
UnityEngine.StackTraceUtility:ExtractStackTrace ()
UnityEngine.DebugLogHandler:LogFormat (UnityEngine.LogType,UnityEngine.Object,string,object[])
UnityEngine.Logger:Log (UnityEngine.LogType,object)
UnityEngine.Debug:Log (object)
ARLocationEditorConfigManager:.cctor () (at Assets/ARLocation/Editor/ARLocationEditorConfigManager.cs:17)
System.Runtime.CompilerServices.RuntimeHelpers:RunClassConstructor (System.RuntimeTypeHandle)
UnityEditor.EditorAssemblies:ProcessInitializeOnLoadAttributes (System.Type[])

(Filename: Assets/ARLocation/Editor/ARLocationEditorConfigManager.cs Line: 17)

[ARLocation]: Config already exists!
UnityEngine.StackTraceUtility:ExtractStackTrace ()
UnityEngine.DebugLogHandler:LogFormat (UnityEngine.LogType,UnityEngine.Object,string,object[])
UnityEngine.Logger:Log (UnityEngine.LogType,object)
UnityEngine.Debug:Log (object)
ARLocationEditorConfigManager:.cctor () (at Assets/ARLocation/Editor/ARLocationEditorConfigManager.cs:29)
System.Runtime.CompilerServices.RuntimeHelpers:RunClassConstructor (System.RuntimeTypeHandle)
UnityEditor.EditorAssemblies:ProcessInitializeOnLoadAttributes (System.Type[])

(Filename: Assets/ARLocation/Editor/ARLocationEditorConfigManager.cs Line: 29)

Mono: successfully reloaded assembly
- Completed reload, in  1.544 seconds
Platform modules already initialized, skipping
Switching build target platform(5) subTarget(0) extendedPlatform(0) -> platform(13) subTarget(589824) extendedPlatform(0)
Refreshing native plugins compatible for Editor in 1.43 ms, found 8 plugins.
Preloading 1 native plugins for Editor in 0.11 ms.
Unloading 1919 Unused Serialized files (Serialized files now loaded: 0)
System memory in use before: 83.0 MB.
System memory in use after: 83.1 MB.

Unloading 19 unused Assets to reduce memory usage. Loaded Objects now: 2400.
Total: 4.149600 ms (FindLiveObjects: 0.498600 ms CreateObjectMapping: 0.209100 ms MarkObjects: 3.301100 ms  DeleteObjects: 0.138500 ms)

AssetImportParameters requested are different than current active one (requested -> active):
  custom:graphics/normal-map-encoding: 01000000000000000000000000000000 -> 02000000000000000000000000000000
========================================================================
Received Import Request.
  Time since last request: 95.605139 seconds.
  path: Assets/Scripts/MustHave/GoBackToPreviousScene.cs
  artifactKey: Guid(0a96770faa07de24b93f6c4cafbf50ab) Importer(815301076,1909f56bfc062723c751e8b465ee728b)
Start importing Assets/Scripts/MustHave/GoBackToPreviousScene.cs using Guid(0a96770faa07de24b93f6c4cafbf50ab) Importer(815301076,1909f56bfc062723c751e8b465ee728b)  -> (artifact id: 'b99bb686762ac5e807ae60d706613767') in 0.011734 seconds
  Import took 0.018754 seconds .

========================================================================
Received Prepare
Registering precompiled user dll's ...
Registered in 0.008120 seconds.
Begin MonoManager ReloadAssembly
Native extension for WindowsStandalone target not found
Native extension for WebGL target not found
Refreshing native plugins compatible for Editor in 1.56 ms, found 8 plugins.
Preloading 1 native plugins for Editor in 0.22 ms.
[ARLocation]: Starting up!
UnityEngine.StackTraceUtility:ExtractStackTrace ()
UnityEngine.DebugLogHandler:LogFormat (UnityEngine.LogType,UnityEngine.Object,string,object[])
UnityEngine.Logger:Log (UnityEngine.LogType,object)
UnityEngine.Debug:Log (object)
ARLocationEditorConfigManager:.cctor () (at Assets/ARLocation/Editor/ARLocationEditorConfigManager.cs:13)
System.Runtime.CompilerServices.RuntimeHelpers:RunClassConstructor (System.RuntimeTypeHandle)
UnityEditor.EditorAssemblies:ProcessInitializeOnLoadAttributes (System.Type[])

(Filename: Assets/ARLocation/Editor/ARLocationEditorConfigManager.cs Line: 13)

[ARLocation]: Resource folder already exists!
UnityEngine.StackTraceUtility:ExtractStackTrace ()
UnityEngine.DebugLogHandler:LogFormat (UnityEngine.LogType,UnityEngine.Object,string,object[])
UnityEngine.Logger:Log (UnityEngine.LogType,object)
UnityEngine.Debug:Log (object)
ARLocationEditorConfigManager:.cctor () (at Assets/ARLocation/Editor/ARLocationEditorConfigManager.cs:17)
System.Runtime.CompilerServices.RuntimeHelpers:RunClassConstructor (System.RuntimeTypeHandle)
UnityEditor.EditorAssemblies:ProcessInitializeOnLoadAttributes (System.Type[])

(Filename: Assets/ARLocation/Editor/ARLocationEditorConfigManager.cs Line: 17)

[ARLocation]: Config already exists!
UnityEngine.StackTraceUtility:ExtractStackTrace ()
UnityEngine.DebugLogHandler:LogFormat (UnityEngine.LogType,UnityEngine.Object,string,object[])
UnityEngine.Logger:Log (UnityEngine.LogType,object)
UnityEngine.Debug:Log (object)
ARLocationEditorConfigManager:.cctor () (at Assets/ARLocation/Editor/ARLocationEditorConfigManager.cs:29)
System.Runtime.CompilerServices.RuntimeHelpers:RunClassConstructor (System.RuntimeTypeHandle)
UnityEditor.EditorAssemblies:ProcessInitializeOnLoadAttributes (System.Type[])

(Filename: Assets/ARLocation/Editor/ARLocationEditorConfigManager.cs Line: 29)

Mono: successfully reloaded assembly
- Completed reload, in  1.573 seconds
Platform modules already initialized, skipping
Switching build target platform(5) subTarget(0) extendedPlatform(0) -> platform(13) subTarget(589824) extendedPlatform(0)
Refreshing native plugins compatible for Editor in 1.39 ms, found 8 plugins.
Preloading 1 native plugins for Editor in 0.10 ms.
Unloading 1920 Unused Serialized files (Serialized files now loaded: 0)
System memory in use before: 83.1 MB.
System memory in use after: 83.1 MB.

Unloading 19 unused Assets to reduce memory usage. Loaded Objects now: 2405.
Total: 4.201000 ms (FindLiveObjects: 0.519600 ms CreateObjectMapping: 0.194300 ms MarkObjects: 3.346600 ms  DeleteObjects: 0.137800 ms)

AssetImportParameters requested are different than current active one (requested -> active):
  custom:graphics/normal-map-encoding: 01000000000000000000000000000000 -> 02000000000000000000000000000000
========================================================================
Received Prepare
Registering precompiled user dll's ...
Registered in 0.008190 seconds.
Begin MonoManager ReloadAssembly
Native extension for WindowsStandalone target not found
Native extension for WebGL target not found
Refreshing native plugins compatible for Editor in 1.51 ms, found 8 plugins.
Preloading 1 native plugins for Editor in 0.13 ms.
[ARLocation]: Starting up!
UnityEngine.StackTraceUtility:ExtractStackTrace ()
UnityEngine.DebugLogHandler:LogFormat (UnityEngine.LogType,UnityEngine.Object,string,object[])
UnityEngine.Logger:Log (UnityEngine.LogType,object)
UnityEngine.Debug:Log (object)
ARLocationEditorConfigManager:.cctor () (at Assets/ARLocation/Editor/ARLocationEditorConfigManager.cs:13)
System.Runtime.CompilerServices.RuntimeHelpers:RunClassConstructor (System.RuntimeTypeHandle)
UnityEditor.EditorAssemblies:ProcessInitializeOnLoadAttributes (System.Type[])

(Filename: Assets/ARLocation/Editor/ARLocationEditorConfigManager.cs Line: 13)

[ARLocation]: Resource folder already exists!
UnityEngine.StackTraceUtility:ExtractStackTrace ()
UnityEngine.DebugLogHandler:LogFormat (UnityEngine.LogType,UnityEngine.Object,string,object[])
UnityEngine.Logger:Log (UnityEngine.LogType,object)
UnityEngine.Debug:Log (object)
ARLocationEditorConfigManager:.cctor () (at Assets/ARLocation/Editor/ARLocationEditorConfigManager.cs:17)
System.Runtime.CompilerServices.RuntimeHelpers:RunClassConstructor (System.RuntimeTypeHandle)
UnityEditor.EditorAssemblies:ProcessInitializeOnLoadAttributes (System.Type[])

(Filename: Assets/ARLocation/Editor/ARLocationEditorConfigManager.cs Line: 17)

[ARLocation]: Config already exists!
UnityEngine.StackTraceUtility:ExtractStackTrace ()
UnityEngine.DebugLogHandler:LogFormat (UnityEngine.LogType,UnityEngine.Object,string,object[])
UnityEngine.Logger:Log (UnityEngine.LogType,object)
UnityEngine.Debug:Log (object)
ARLocationEditorConfigManager:.cctor () (at Assets/ARLocation/Editor/ARLocationEditorConfigManager.cs:29)
System.Runtime.CompilerServices.RuntimeHelpers:RunClassConstructor (System.RuntimeTypeHandle)
UnityEditor.EditorAssemblies:ProcessInitializeOnLoadAttributes (System.Type[])

(Filename: Assets/ARLocation/Editor/ARLocationEditorConfigManager.cs Line: 29)

Mono: successfully reloaded assembly
- Completed reload, in  1.720 seconds
Platform modules already initialized, skipping
Switching build target platform(5) subTarget(0) extendedPlatform(0) -> platform(13) subTarget(589824) extendedPlatform(0)
Refreshing native plugins compatible for Editor in 1.36 ms, found 8 plugins.
Preloading 1 native plugins for Editor in 0.12 ms.
Unloading 1920 Unused Serialized files (Serialized files now loaded: 0)
System memory in use before: 83.1 MB.
System memory in use after: 83.2 MB.

Unloading 19 unused Assets to reduce memory usage. Loaded Objects now: 2409.
Total: 4.589100 ms (FindLiveObjects: 0.518300 ms CreateObjectMapping: 0.233600 ms MarkObjects: 3.684700 ms  DeleteObjects: 0.150500 ms)

AssetImportParameters requested are different than current active one (requested -> active):
  custom:graphics/normal-map-encoding: 01000000000000000000000000000000 -> 02000000000000000000000000000000
========================================================================
Received Import Request.
  Time since last request: 347.348728 seconds.
  path: Assets/Scripts/MustHave/GoBackToPreviousScene.cs
  artifactKey: Guid(0a96770faa07de24b93f6c4cafbf50ab) Importer(815301076,1909f56bfc062723c751e8b465ee728b)
Start importing Assets/Scripts/MustHave/GoBackToPreviousScene.cs using Guid(0a96770faa07de24b93f6c4cafbf50ab) Importer(815301076,1909f56bfc062723c751e8b465ee728b)  -> (artifact id: '288fdf66e1c7dd545e85097b88e6c83f') in 0.007623 seconds
  Import took 0.014047 seconds .

========================================================================
Received Import Request.
  Time since last request: 55.609849 seconds.
  path: Assets/Scripts/MustHave/GoBackToPreviousScene.cs
  artifactKey: Guid(0a96770faa07de24b93f6c4cafbf50ab) Importer(815301076,1909f56bfc062723c751e8b465ee728b)
Start importing Assets/Scripts/MustHave/GoBackToPreviousScene.cs using Guid(0a96770faa07de24b93f6c4cafbf50ab) Importer(815301076,1909f56bfc062723c751e8b465ee728b)  -> (artifact id: '29341588f2679ba121562b4ddd4105ec') in 0.003144 seconds
  Import took 0.009895 seconds .

========================================================================
Received Prepare
Registering precompiled user dll's ...
Registered in 0.008130 seconds.
Begin MonoManager ReloadAssembly
Native extension for WindowsStandalone target not found
Native extension for WebGL target not found
Refreshing native plugins compatible for Editor in 1.56 ms, found 8 plugins.
Preloading 1 native plugins for Editor in 0.13 ms.
[ARLocation]: Starting up!
UnityEngine.StackTraceUtility:ExtractStackTrace ()
UnityEngine.DebugLogHandler:LogFormat (UnityEngine.LogType,UnityEngine.Object,string,object[])
UnityEngine.Logger:Log (UnityEngine.LogType,object)
UnityEngine.Debug:Log (object)
ARLocationEditorConfigManager:.cctor () (at Assets/ARLocation/Editor/ARLocationEditorConfigManager.cs:13)
System.Runtime.CompilerServices.RuntimeHelpers:RunClassConstructor (System.RuntimeTypeHandle)
UnityEditor.EditorAssemblies:ProcessInitializeOnLoadAttributes (System.Type[])

(Filename: Assets/ARLocation/Editor/ARLocationEditorConfigManager.cs Line: 13)

[ARLocation]: Resource folder already exists!
UnityEngine.StackTraceUtility:ExtractStackTrace ()
UnityEngine.DebugLogHandler:LogFormat (UnityEngine.LogType,UnityEngine.Object,string,object[])
UnityEngine.Logger:Log (UnityEngine.LogType,object)
UnityEngine.Debug:Log (object)
ARLocationEditorConfigManager:.cctor () (at Assets/ARLocation/Editor/ARLocationEditorConfigManager.cs:17)
System.Runtime.CompilerServices.RuntimeHelpers:RunClassConstructor (System.RuntimeTypeHandle)
UnityEditor.EditorAssemblies:ProcessInitializeOnLoadAttributes (System.Type[])

(Filename: Assets/ARLocation/Editor/ARLocationEditorConfigManager.cs Line: 17)

[ARLocation]: Config already exists!
UnityEngine.StackTraceUtility:ExtractStackTrace ()
UnityEngine.DebugLogHandler:LogFormat (UnityEngine.LogType,UnityEngine.Object,string,object[])
UnityEngine.Logger:Log (UnityEngine.LogType,object)
UnityEngine.Debug:Log (object)
ARLocationEditorConfigManager:.cctor () (at Assets/ARLocation/Editor/ARLocationEditorConfigManager.cs:29)
System.Runtime.CompilerServices.RuntimeHelpers:RunClassConstructor (System.RuntimeTypeHandle)
UnityEditor.EditorAssemblies:ProcessInitializeOnLoadAttributes (System.Type[])

(Filename: Assets/ARLocation/Editor/ARLocationEditorConfigManager.cs Line: 29)

Mono: successfully reloaded assembly
- Completed reload, in  1.640 seconds
Platform modules already initialized, skipping
Switching build target platform(5) subTarget(0) extendedPlatform(0) -> platform(13) subTarget(589824) extendedPlatform(0)
Refreshing native plugins compatible for Editor in 1.52 ms, found 8 plugins.
Preloading 1 native plugins for Editor in 0.11 ms.
Unloading 1920 Unused Serialized files (Serialized files now loaded: 0)
System memory in use before: 83.1 MB.
System memory in use after: 83.2 MB.

Unloading 19 unused Assets to reduce memory usage. Loaded Objects now: 2413.
Total: 4.179900 ms (FindLiveObjects: 0.468200 ms CreateObjectMapping: 0.205200 ms MarkObjects: 3.343800 ms  DeleteObjects: 0.160800 ms)

AssetImportParameters requested are different than current active one (requested -> active):
  custom:graphics/normal-map-encoding: 01000000000000000000000000000000 -> 02000000000000000000000000000000
========================================================================
Received Import Request.
  Time since last request: 33.735136 seconds.
  path: Assets/Scripts/MustHave/GoBackToPreviousScene.cs
  artifactKey: Guid(0a96770faa07de24b93f6c4cafbf50ab) Importer(815301076,1909f56bfc062723c751e8b465ee728b)
Start importing Assets/Scripts/MustHave/GoBackToPreviousScene.cs using Guid(0a96770faa07de24b93f6c4cafbf50ab) Importer(815301076,1909f56bfc062723c751e8b465ee728b)  -> (artifact id: 'da7ce4c6667af17f2a6cf346508a9d61') in 0.007680 seconds
  Import took 0.013978 seconds .

========================================================================
Received Import Request.
  Time since last request: 48.895055 seconds.
  path: Assets/Prefabs/MustHave.prefab
  artifactKey: Guid(9292511ab71078441bd1c7168ef9af1b) Importer(815301076,1909f56bfc062723c751e8b465ee728b)
Start importing Assets/Prefabs/MustHave.prefab using Guid(9292511ab71078441bd1c7168ef9af1b) Importer(815301076,1909f56bfc062723c751e8b465ee728b)  -> (artifact id: '3fd8987fa77a656b44f5a74053072fd3') in 0.048446 seconds
  Import took 0.055279 seconds .

========================================================================
Received Import Request.
  Time since last request: 0.001536 seconds.
  path: Assets/Prefabs/MustHave.prefab
  artifactKey: Guid(9292511ab71078441bd1c7168ef9af1b) Importer(815301076,1909f56bfc062723c751e8b465ee728b)
Start importing Assets/Prefabs/MustHave.prefab using Guid(9292511ab71078441bd1c7168ef9af1b) Importer(815301076,1909f56bfc062723c751e8b465ee728b)  -> (artifact id: '3fd8987fa77a656b44f5a74053072fd3') in 0.006324 seconds
  Import took 0.013735 seconds .

========================================================================
Received Import Request.
  Time since last request: 14.896477 seconds.
  path: Assets/Scenes/DB/DB Riteh.unity
  artifactKey: Guid(a1f8ff93a1228474ab5a49067e7dce57) Importer(815301076,1909f56bfc062723c751e8b465ee728b)
Start importing Assets/Scenes/DB/DB Riteh.unity using Guid(a1f8ff93a1228474ab5a49067e7dce57) Importer(815301076,1909f56bfc062723c751e8b465ee728b)  -> (artifact id: 'ad0ad7151e792de73c56480cc7c859fa') in 0.004065 seconds
  Import took 0.011004 seconds .

========================================================================
Received Import Request.
  Time since last request: 21.993215 seconds.
  path: Assets/Scenes/Route tests/Glavni mapbox.unity
  artifactKey: Guid(dedcf6a360490a245be5857fc7c50c5f) Importer(815301076,1909f56bfc062723c751e8b465ee728b)
Start importing Assets/Scenes/Route tests/Glavni mapbox.unity using Guid(dedcf6a360490a245be5857fc7c50c5f) Importer(815301076,1909f56bfc062723c751e8b465ee728b)  -> (artifact id: '3b5ef81fd8bbc1e1da34f28298e5502a') in 0.008158 seconds
  Import took 0.015506 seconds .

========================================================================
Received Import Request.
  Time since last request: 10.504919 seconds.
  path: Assets/Scenes/Route tests/Route test Ravnice 1.unity
  artifactKey: Guid(915ccd3c53d7de3448d4d7d43cf04fb5) Importer(815301076,1909f56bfc062723c751e8b465ee728b)
Start importing Assets/Scenes/Route tests/Route test Ravnice 1.unity using Guid(915ccd3c53d7de3448d4d7d43cf04fb5) Importer(815301076,1909f56bfc062723c751e8b465ee728b)  -> (artifact id: '434be7698b949abfba7ee9400f01c452') in 0.004239 seconds
  Import took 0.011135 seconds .

========================================================================
Received Import Request.
  Time since last request: 23.389005 seconds.
  path: Assets/Scenes/Route tests/Route test Riteh 1.unity
  artifactKey: Guid(9f5fc811835e0b84384610c00991861f) Importer(815301076,1909f56bfc062723c751e8b465ee728b)
Start importing Assets/Scenes/Route tests/Route test Riteh 1.unity using Guid(9f5fc811835e0b84384610c00991861f) Importer(815301076,1909f56bfc062723c751e8b465ee728b)  -> (artifact id: '4799f9d2cf8e4ce222bcdcbd69007831') in 0.004172 seconds
  Import took 0.011837 seconds .

========================================================================
Received Import Request.
  Time since last request: 17.847308 seconds.
  path: Assets/Scenes/Route tests/Route test Riteh 2.unity
  artifactKey: Guid(7d7c9713fc8a6ef45a5e7ca384317528) Importer(815301076,1909f56bfc062723c751e8b465ee728b)
Start importing Assets/Scenes/Route tests/Route test Riteh 2.unity using Guid(7d7c9713fc8a6ef45a5e7ca384317528) Importer(815301076,1909f56bfc062723c751e8b465ee728b)  -> (artifact id: '6f8166da98098d9ed66d3b7a5ae1aea4') in 0.004554 seconds
  Import took 0.011898 seconds .

========================================================================
Received Import Request.
  Time since last request: 12.415304 seconds.
  path: Assets/Scenes/Route tests/Route test Riteh 2.unity
  artifactKey: Guid(7d7c9713fc8a6ef45a5e7ca384317528) Importer(815301076,1909f56bfc062723c751e8b465ee728b)
Start importing Assets/Scenes/Route tests/Route test Riteh 2.unity using Guid(7d7c9713fc8a6ef45a5e7ca384317528) Importer(815301076,1909f56bfc062723c751e8b465ee728b)  -> (artifact id: '9178f3923f72895502201f77e003870c') in 0.004175 seconds
  Import took 0.010881 seconds .

========================================================================
Received Import Request.
  Time since last request: 8.759047 seconds.
  path: Assets/Scenes/SceneManager.unity
  artifactKey: Guid(b6a15bf91f43b484eb82761eae8e60c9) Importer(815301076,1909f56bfc062723c751e8b465ee728b)
Start importing Assets/Scenes/SceneManager.unity using Guid(b6a15bf91f43b484eb82761eae8e60c9) Importer(815301076,1909f56bfc062723c751e8b465ee728b)  -> (artifact id: '30eb1416e1cc2dd93fc2b5a0d3e859bc') in 0.022338 seconds
  Import took 0.029491 seconds .

========================================================================
Received Prepare
Registering precompiled user dll's ...
Registered in 0.008631 seconds.
Begin MonoManager ReloadAssembly
Native extension for WindowsStandalone target not found
Native extension for WebGL target not found
Refreshing native plugins compatible for Editor in 1.55 ms, found 8 plugins.
Preloading 1 native plugins for Editor in 0.12 ms.
[ARLocation]: Starting up!
UnityEngine.StackTraceUtility:ExtractStackTrace ()
UnityEngine.DebugLogHandler:LogFormat (UnityEngine.LogType,UnityEngine.Object,string,object[])
UnityEngine.Logger:Log (UnityEngine.LogType,object)
UnityEngine.Debug:Log (object)
ARLocationEditorConfigManager:.cctor () (at Assets/ARLocation/Editor/ARLocationEditorConfigManager.cs:13)
System.Runtime.CompilerServices.RuntimeHelpers:RunClassConstructor (System.RuntimeTypeHandle)
UnityEditor.EditorAssemblies:ProcessInitializeOnLoadAttributes (System.Type[])

(Filename: Assets/ARLocation/Editor/ARLocationEditorConfigManager.cs Line: 13)

[ARLocation]: Resource folder already exists!
UnityEngine.StackTraceUtility:ExtractStackTrace ()
UnityEngine.DebugLogHandler:LogFormat (UnityEngine.LogType,UnityEngine.Object,string,object[])
UnityEngine.Logger:Log (UnityEngine.LogType,object)
UnityEngine.Debug:Log (object)
ARLocationEditorConfigManager:.cctor () (at Assets/ARLocation/Editor/ARLocationEditorConfigManager.cs:17)
System.Runtime.CompilerServices.RuntimeHelpers:RunClassConstructor (System.RuntimeTypeHandle)
UnityEditor.EditorAssemblies:ProcessInitializeOnLoadAttributes (System.Type[])

(Filename: Assets/ARLocation/Editor/ARLocationEditorConfigManager.cs Line: 17)

[ARLocation]: Config already exists!
UnityEngine.StackTraceUtility:ExtractStackTrace ()
UnityEngine.DebugLogHandler:LogFormat (UnityEngine.LogType,UnityEngine.Object,string,object[])
UnityEngine.Logger:Log (UnityEngine.LogType,object)
UnityEngine.Debug:Log (object)
ARLocationEditorConfigManager:.cctor () (at Assets/ARLocation/Editor/ARLocationEditorConfigManager.cs:29)
System.Runtime.CompilerServices.RuntimeHelpers:RunClassConstructor (System.RuntimeTypeHandle)
UnityEditor.EditorAssemblies:ProcessInitializeOnLoadAttributes (System.Type[])

(Filename: Assets/ARLocation/Editor/ARLocationEditorConfigManager.cs Line: 29)

Mono: successfully reloaded assembly
- Completed reload, in  1.658 seconds
Platform modules already initialized, skipping
Switching build target platform(5) subTarget(0) extendedPlatform(0) -> platform(13) subTarget(589824) extendedPlatform(0)
Refreshing native plugins compatible for Editor in 1.48 ms, found 8 plugins.
Preloading 1 native plugins for Editor in 0.12 ms.
Unloading 1920 Unused Serialized files (Serialized files now loaded: 0)
System memory in use before: 83.2 MB.
System memory in use after: 83.2 MB.

Unloading 19 unused Assets to reduce memory usage. Loaded Objects now: 2417.
Total: 4.735000 ms (FindLiveObjects: 0.787900 ms CreateObjectMapping: 0.286700 ms MarkObjects: 3.502500 ms  DeleteObjects: 0.155300 ms)

AssetImportParameters requested are different than current active one (requested -> active):
  custom:graphics/normal-map-encoding: 01000000000000000000000000000000 -> 02000000000000000000000000000000
========================================================================
Received Import Request.
  Time since last request: 240.521780 seconds.
  path: Assets/Scenes/Route tests/Route test Riteh 1 bez debuga.unity
  artifactKey: Guid(3b0a9f55988c7324d9481fc827260d97) Importer(815301076,1909f56bfc062723c751e8b465ee728b)
Start importing Assets/Scenes/Route tests/Route test Riteh 1 bez debuga.unity using Guid(3b0a9f55988c7324d9481fc827260d97) Importer(815301076,1909f56bfc062723c751e8b465ee728b)  -> (artifact id: '60663afd7161617bf6e1db34a50a49e7') in 0.021240 seconds
  Import took 0.028603 seconds .

========================================================================
Received Prepare
Registering precompiled user dll's ...
Registered in 0.007834 seconds.
Begin MonoManager ReloadAssembly
Native extension for WindowsStandalone target not found
Native extension for WebGL target not found
Refreshing native plugins compatible for Editor in 1.48 ms, found 8 plugins.
Preloading 1 native plugins for Editor in 0.14 ms.
[ARLocation]: Starting up!
UnityEngine.StackTraceUtility:ExtractStackTrace ()
UnityEngine.DebugLogHandler:LogFormat (UnityEngine.LogType,UnityEngine.Object,string,object[])
UnityEngine.Logger:Log (UnityEngine.LogType,object)
UnityEngine.Debug:Log (object)
ARLocationEditorConfigManager:.cctor () (at Assets/ARLocation/Editor/ARLocationEditorConfigManager.cs:13)
System.Runtime.CompilerServices.RuntimeHelpers:RunClassConstructor (System.RuntimeTypeHandle)
UnityEditor.EditorAssemblies:ProcessInitializeOnLoadAttributes (System.Type[])

(Filename: Assets/ARLocation/Editor/ARLocationEditorConfigManager.cs Line: 13)

[ARLocation]: Resource folder already exists!
UnityEngine.StackTraceUtility:ExtractStackTrace ()
UnityEngine.DebugLogHandler:LogFormat (UnityEngine.LogType,UnityEngine.Object,string,object[])
UnityEngine.Logger:Log (UnityEngine.LogType,object)
UnityEngine.Debug:Log (object)
ARLocationEditorConfigManager:.cctor () (at Assets/ARLocation/Editor/ARLocationEditorConfigManager.cs:17)
System.Runtime.CompilerServices.RuntimeHelpers:RunClassConstructor (System.RuntimeTypeHandle)
UnityEditor.EditorAssemblies:ProcessInitializeOnLoadAttributes (System.Type[])

(Filename: Assets/ARLocation/Editor/ARLocationEditorConfigManager.cs Line: 17)

[ARLocation]: Config already exists!
UnityEngine.StackTraceUtility:ExtractStackTrace ()
UnityEngine.DebugLogHandler:LogFormat (UnityEngine.LogType,UnityEngine.Object,string,object[])
UnityEngine.Logger:Log (UnityEngine.LogType,object)
UnityEngine.Debug:Log (object)
ARLocationEditorConfigManager:.cctor () (at Assets/ARLocation/Editor/ARLocationEditorConfigManager.cs:29)
System.Runtime.CompilerServices.RuntimeHelpers:RunClassConstructor (System.RuntimeTypeHandle)
UnityEditor.EditorAssemblies:ProcessInitializeOnLoadAttributes (System.Type[])

(Filename: Assets/ARLocation/Editor/ARLocationEditorConfigManager.cs Line: 29)

Mono: successfully reloaded assembly
- Completed reload, in  1.625 seconds
Platform modules already initialized, skipping
Switching build target platform(5) subTarget(0) extendedPlatform(0) -> platform(13) subTarget(589824) extendedPlatform(0)
Refreshing native plugins compatible for Editor in 1.58 ms, found 8 plugins.
Preloading 1 native plugins for Editor in 0.12 ms.
Unloading 1920 Unused Serialized files (Serialized files now loaded: 0)
System memory in use before: 83.2 MB.
System memory in use after: 83.2 MB.

Unloading 19 unused Assets to reduce memory usage. Loaded Objects now: 2421.
Total: 4.735700 ms (FindLiveObjects: 0.636500 ms CreateObjectMapping: 0.229000 ms MarkObjects: 3.719500 ms  DeleteObjects: 0.147700 ms)

AssetImportParameters requested are different than current active one (requested -> active):
  custom:graphics/normal-map-encoding: 01000000000000000000000000000000 -> 02000000000000000000000000000000
========================================================================
Received Prepare
Registering precompiled user dll's ...
Registered in 0.009893 seconds.
Begin MonoManager ReloadAssembly
Native extension for WindowsStandalone target not found
Native extension for WebGL target not found
Refreshing native plugins compatible for Editor in 1.39 ms, found 8 plugins.
Preloading 1 native plugins for Editor in 0.12 ms.
[ARLocation]: Starting up!
UnityEngine.StackTraceUtility:ExtractStackTrace ()
UnityEngine.DebugLogHandler:LogFormat (UnityEngine.LogType,UnityEngine.Object,string,object[])
UnityEngine.Logger:Log (UnityEngine.LogType,object)
UnityEngine.Debug:Log (object)
ARLocationEditorConfigManager:.cctor () (at Assets/ARLocation/Editor/ARLocationEditorConfigManager.cs:13)
System.Runtime.CompilerServices.RuntimeHelpers:RunClassConstructor (System.RuntimeTypeHandle)
UnityEditor.EditorAssemblies:ProcessInitializeOnLoadAttributes (System.Type[])

(Filename: Assets/ARLocation/Editor/ARLocationEditorConfigManager.cs Line: 13)

[ARLocation]: Resource folder already exists!
UnityEngine.StackTraceUtility:ExtractStackTrace ()
UnityEngine.DebugLogHandler:LogFormat (UnityEngine.LogType,UnityEngine.Object,string,object[])
UnityEngine.Logger:Log (UnityEngine.LogType,object)
UnityEngine.Debug:Log (object)
ARLocationEditorConfigManager:.cctor () (at Assets/ARLocation/Editor/ARLocationEditorConfigManager.cs:17)
System.Runtime.CompilerServices.RuntimeHelpers:RunClassConstructor (System.RuntimeTypeHandle)
UnityEditor.EditorAssemblies:ProcessInitializeOnLoadAttributes (System.Type[])

(Filename: Assets/ARLocation/Editor/ARLocationEditorConfigManager.cs Line: 17)

[ARLocation]: Config already exists!
UnityEngine.StackTraceUtility:ExtractStackTrace ()
UnityEngine.DebugLogHandler:LogFormat (UnityEngine.LogType,UnityEngine.Object,string,object[])
UnityEngine.Logger:Log (UnityEngine.LogType,object)
UnityEngine.Debug:Log (object)
ARLocationEditorConfigManager:.cctor () (at Assets/ARLocation/Editor/ARLocationEditorConfigManager.cs:29)
System.Runtime.CompilerServices.RuntimeHelpers:RunClassConstructor (System.RuntimeTypeHandle)
UnityEditor.EditorAssemblies:ProcessInitializeOnLoadAttributes (System.Type[])

(Filename: Assets/ARLocation/Editor/ARLocationEditorConfigManager.cs Line: 29)

Mono: successfully reloaded assembly
- Completed reload, in  1.618 seconds
Platform modules already initialized, skipping
Switching build target platform(5) subTarget(0) extendedPlatform(0) -> platform(13) subTarget(589824) extendedPlatform(0)
Refreshing native plugins compatible for Editor in 1.48 ms, found 8 plugins.
Preloading 1 native plugins for Editor in 0.11 ms.
Unloading 1920 Unused Serialized files (Serialized files now loaded: 0)
System memory in use before: 83.2 MB.
System memory in use after: 83.3 MB.

Unloading 19 unused Assets to reduce memory usage. Loaded Objects now: 2425.
Total: 4.572200 ms (FindLiveObjects: 0.565600 ms CreateObjectMapping: 0.292900 ms MarkObjects: 3.549600 ms  DeleteObjects: 0.161100 ms)

AssetImportParameters requested are different than current active one (requested -> active):
  custom:graphics/normal-map-encoding: 01000000000000000000000000000000 -> 02000000000000000000000000000000
========================================================================
Received Import Request.
  Time since last request: 159.484027 seconds.
  path: Assets/Scenes/Route tests/Route test Ravnice 1.unity
  artifactKey: Guid(915ccd3c53d7de3448d4d7d43cf04fb5) Importer(815301076,1909f56bfc062723c751e8b465ee728b)
Start importing Assets/Scenes/Route tests/Route test Ravnice 1.unity using Guid(915ccd3c53d7de3448d4d7d43cf04fb5) Importer(815301076,1909f56bfc062723c751e8b465ee728b)  -> (artifact id: 'a476aa835985140753564ab01f5853ec') in 0.018558 seconds
  Import took 0.025463 seconds .

========================================================================
Received Import Request.
  Time since last request: 0.001708 seconds.
  path: Assets/Scenes/Route tests/Route test Ravnice 1.unity
  artifactKey: Guid(915ccd3c53d7de3448d4d7d43cf04fb5) Importer(815301076,1909f56bfc062723c751e8b465ee728b)
Start importing Assets/Scenes/Route tests/Route test Ravnice 1.unity using Guid(915ccd3c53d7de3448d4d7d43cf04fb5) Importer(815301076,1909f56bfc062723c751e8b465ee728b)  -> (artifact id: 'a476aa835985140753564ab01f5853ec') in 0.003413 seconds
  Import took 0.010182 seconds .

========================================================================
Received Import Request.
  Time since last request: 1.498525 seconds.
  path: Assets/Scenes/Route tests/Route test Ravnice 2.unity
  artifactKey: Guid(a1a1e8c1ab4704c4d94d58a856df6480) Importer(815301076,1909f56bfc062723c751e8b465ee728b)
Start importing Assets/Scenes/Route tests/Route test Ravnice 2.unity using Guid(a1a1e8c1ab4704c4d94d58a856df6480) Importer(815301076,1909f56bfc062723c751e8b465ee728b)  -> (artifact id: 'ae692736ffa72e023e9ce01894c6e612') in 0.004096 seconds
  Import took 0.010560 seconds .

========================================================================
Received Prepare
Registering precompiled user dll's ...
Registered in 0.008413 seconds.
Begin MonoManager ReloadAssembly
Native extension for WindowsStandalone target not found
Native extension for WebGL target not found
Refreshing native plugins compatible for Editor in 1.51 ms, found 8 plugins.
Preloading 1 native plugins for Editor in 0.12 ms.
[ARLocation]: Starting up!
UnityEngine.StackTraceUtility:ExtractStackTrace ()
UnityEngine.DebugLogHandler:LogFormat (UnityEngine.LogType,UnityEngine.Object,string,object[])
UnityEngine.Logger:Log (UnityEngine.LogType,object)
UnityEngine.Debug:Log (object)
ARLocationEditorConfigManager:.cctor () (at Assets/ARLocation/Editor/ARLocationEditorConfigManager.cs:13)
System.Runtime.CompilerServices.RuntimeHelpers:RunClassConstructor (System.RuntimeTypeHandle)
UnityEditor.EditorAssemblies:ProcessInitializeOnLoadAttributes (System.Type[])

(Filename: Assets/ARLocation/Editor/ARLocationEditorConfigManager.cs Line: 13)

[ARLocation]: Resource folder already exists!
UnityEngine.StackTraceUtility:ExtractStackTrace ()
UnityEngine.DebugLogHandler:LogFormat (UnityEngine.LogType,UnityEngine.Object,string,object[])
UnityEngine.Logger:Log (UnityEngine.LogType,object)
UnityEngine.Debug:Log (object)
ARLocationEditorConfigManager:.cctor () (at Assets/ARLocation/Editor/ARLocationEditorConfigManager.cs:17)
System.Runtime.CompilerServices.RuntimeHelpers:RunClassConstructor (System.RuntimeTypeHandle)
UnityEditor.EditorAssemblies:ProcessInitializeOnLoadAttributes (System.Type[])

(Filename: Assets/ARLocation/Editor/ARLocationEditorConfigManager.cs Line: 17)

[ARLocation]: Config already exists!
UnityEngine.StackTraceUtility:ExtractStackTrace ()
UnityEngine.DebugLogHandler:LogFormat (UnityEngine.LogType,UnityEngine.Object,string,object[])
UnityEngine.Logger:Log (UnityEngine.LogType,object)
UnityEngine.Debug:Log (object)
ARLocationEditorConfigManager:.cctor () (at Assets/ARLocation/Editor/ARLocationEditorConfigManager.cs:29)
System.Runtime.CompilerServices.RuntimeHelpers:RunClassConstructor (System.RuntimeTypeHandle)
UnityEditor.EditorAssemblies:ProcessInitializeOnLoadAttributes (System.Type[])

(Filename: Assets/ARLocation/Editor/ARLocationEditorConfigManager.cs Line: 29)

Mono: successfully reloaded assembly
- Completed reload, in  1.618 seconds
Platform modules already initialized, skipping
Switching build target platform(5) subTarget(0) extendedPlatform(0) -> platform(13) subTarget(589824) extendedPlatform(0)
Refreshing native plugins compatible for Editor in 1.49 ms, found 8 plugins.
Preloading 1 native plugins for Editor in 0.15 ms.
Unloading 1920 Unused Serialized files (Serialized files now loaded: 0)
System memory in use before: 83.2 MB.
System memory in use after: 83.3 MB.

Unloading 19 unused Assets to reduce memory usage. Loaded Objects now: 2429.
Total: 4.337900 ms (FindLiveObjects: 0.491600 ms CreateObjectMapping: 0.207800 ms MarkObjects: 3.475700 ms  DeleteObjects: 0.160200 ms)

AssetImportParameters requested are different than current active one (requested -> active):
  custom:graphics/normal-map-encoding: 01000000000000000000000000000000 -> 02000000000000000000000000000000
========================================================================
Received Prepare
Refreshing native plugins compatible for Editor in 6.98 ms, found 8 plugins.
Preloading 1 native plugins for Editor in 0.09 ms.
Unloading 16 Unused Serialized files (Serialized files now loaded: 0)
System memory in use before: 45.5 MB.
System memory in use after: 45.5 MB.

Unloading 15 unused Assets to reduce memory usage. Loaded Objects now: 2430.
Total: 4.204400 ms (FindLiveObjects: 0.494600 ms CreateObjectMapping: 0.185500 ms MarkObjects: 3.380200 ms  DeleteObjects: 0.141900 ms)

AssetImportWorkerClient::OnTransportError - code=2 error=End of file
